{"C:\\Users\\juser\\Documents\\CURSOS\\BOOTCAMP\\proyectos\\proyectoAdonisJS\\RetoFinalEntrega\\env.ts":{"path":"C:\\Users\\juser\\Documents\\CURSOS\\BOOTCAMP\\proyectos\\proyectoAdonisJS\\RetoFinalEntrega\\env.ts","statementMap":{"0":{"start":{"line":2,"column":22},"end":{"line":4,"column":1}},"1":{"start":{"line":3,"column":4},"end":{"line":3,"column":62}},"2":{"start":{"line":5,"column":0},"end":{"line":5,"column":62}},"3":{"start":{"line":6,"column":14},"end":{"line":6,"column":79}},"4":{"start":{"line":7,"column":0},"end":{"line":14,"column":3}}},"fnMap":{"0":{"name":"(anonymous_0)","decl":{"start":{"line":2,"column":56},"end":{"line":2,"column":57}},"loc":{"start":{"line":2,"column":71},"end":{"line":4,"column":1}},"line":2}},"branchMap":{"0":{"loc":{"start":{"line":2,"column":22},"end":{"line":4,"column":1}},"type":"binary-expr","locations":[{"start":{"line":2,"column":23},"end":{"line":2,"column":27}},{"start":{"line":2,"column":31},"end":{"line":2,"column":51}},{"start":{"line":2,"column":56},"end":{"line":4,"column":1}}],"line":2},"1":{"loc":{"start":{"line":3,"column":11},"end":{"line":3,"column":61}},"type":"cond-expr","locations":[{"start":{"line":3,"column":37},"end":{"line":3,"column":40}},{"start":{"line":3,"column":43},"end":{"line":3,"column":61}}],"line":3},"2":{"loc":{"start":{"line":3,"column":12},"end":{"line":3,"column":33}},"type":"binary-expr","locations":[{"start":{"line":3,"column":12},"end":{"line":3,"column":15}},{"start":{"line":3,"column":19},"end":{"line":3,"column":33}}],"line":3}},"s":{"0":1,"1":1,"2":1,"3":1,"4":1},"f":{"0":1},"b":{"0":[1,1,1],"1":[0,1],"2":[1,1]},"inputSourceMap":{"version":3,"file":"env.js","sourceRoot":"","sources":["env.ts"],"names":[],"mappings":";;;;;AAcA,gFAAsC;AAEtC,kBAAe,aAAG,CAAC,KAAK,CAAC;IACxB,IAAI,EAAE,aAAG,CAAC,MAAM,CAAC,MAAM,CAAC,EAAE,MAAM,EAAE,MAAM,EAAE,CAAC;IAC3C,IAAI,EAAE,aAAG,CAAC,MAAM,CAAC,MAAM,EAAE;IACzB,OAAO,EAAE,aAAG,CAAC,MAAM,CAAC,MAAM,EAAE;IAC5B,QAAQ,EAAE,aAAG,CAAC,MAAM,CAAC,MAAM,EAAE;IAC5B,UAAU,EAAE,aAAG,CAAC,MAAM,CAAC,IAAI,CAAC,CAAC,OAAO,CAAU,CAAC;IAChD,QAAQ,EAAE,aAAG,CAAC,MAAM,CAAC,IAAI,CAAC,CAAC,aAAa,EAAE,YAAY,EAAE,MAAM,CAAU,CAAC;CACzE,CAAC,CAAA","sourcesContent":["/*\n|--------------------------------------------------------------------------\n| Validating Environment Variables\n|--------------------------------------------------------------------------\n|\n| In this file we define the rules for validating environment variables.\n| By performing validation we ensure that your application is running in\n| a stable environment with correct configuration values.\n|\n| This file is read automatically by the framework during the boot lifecycle\n| and hence do not rename or move this file to a different location.\n|\n*/\n\nimport Env from '@ioc:Adonis/Core/Env'\n\nexport default Env.rules({\n\tHOST: Env.schema.string({ format: 'host' }),\n\tPORT: Env.schema.number(),\n\tAPP_KEY: Env.schema.string(),\n\tAPP_NAME: Env.schema.string(),\n  DRIVE_DISK: Env.schema.enum(['local'] as const),\n\tNODE_ENV: Env.schema.enum(['development', 'production', 'test'] as const),\n})\n"]},"_coverageSchema":"1a1c01bbd47fc00a2c39e90264f33305004495a9","hash":"7141dd1e21a55befbd0cceccd9f4c576783e6bba","contentHash":"020ce811b6ea3d63640d139b5184b8a0ed76b0b4d4ef222f5e4c6ddb61a6de4c"},"C:\\Users\\juser\\Documents\\CURSOS\\BOOTCAMP\\proyectos\\proyectoAdonisJS\\RetoFinalEntrega\\config\\app.ts":{"path":"C:\\Users\\juser\\Documents\\CURSOS\\BOOTCAMP\\proyectos\\proyectoAdonisJS\\RetoFinalEntrega\\config\\app.ts","statementMap":{"0":{"start":{"line":2,"column":22},"end":{"line":4,"column":1}},"1":{"start":{"line":3,"column":4},"end":{"line":3,"column":62}},"2":{"start":{"line":5,"column":0},"end":{"line":5,"column":62}},"3":{"start":{"line":6,"column":0},"end":{"line":6,"column":95}},"4":{"start":{"line":7,"column":21},"end":{"line":7,"column":59}},"5":{"start":{"line":8,"column":14},"end":{"line":8,"column":79}},"6":{"start":{"line":9,"column":0},"end":{"line":9,"column":46}},"7":{"start":{"line":10,"column":0},"end":{"line":26,"column":2}},"8":{"start":{"line":27,"column":0},"end":{"line":32,"column":2}},"9":{"start":{"line":33,"column":0},"end":{"line":37,"column":2}},"10":{"start":{"line":38,"column":0},"end":{"line":38,"column":23}}},"fnMap":{"0":{"name":"(anonymous_0)","decl":{"start":{"line":2,"column":56},"end":{"line":2,"column":57}},"loc":{"start":{"line":2,"column":71},"end":{"line":4,"column":1}},"line":2}},"branchMap":{"0":{"loc":{"start":{"line":2,"column":22},"end":{"line":4,"column":1}},"type":"binary-expr","locations":[{"start":{"line":2,"column":23},"end":{"line":2,"column":27}},{"start":{"line":2,"column":31},"end":{"line":2,"column":51}},{"start":{"line":2,"column":56},"end":{"line":4,"column":1}}],"line":2},"1":{"loc":{"start":{"line":3,"column":11},"end":{"line":3,"column":61}},"type":"cond-expr","locations":[{"start":{"line":3,"column":37},"end":{"line":3,"column":40}},{"start":{"line":3,"column":43},"end":{"line":3,"column":61}}],"line":3},"2":{"loc":{"start":{"line":3,"column":12},"end":{"line":3,"column":33}},"type":"binary-expr","locations":[{"start":{"line":3,"column":12},"end":{"line":3,"column":15}},{"start":{"line":3,"column":19},"end":{"line":3,"column":33}}],"line":3}},"s":{"0":1,"1":2,"2":1,"3":1,"4":1,"5":1,"6":1,"7":1,"8":1,"9":1,"10":1},"f":{"0":2},"b":{"0":[1,1,1],"1":[0,2],"2":[2,2]},"inputSourceMap":{"version":3,"file":"app.js","sourceRoot":"","sources":["app.ts"],"names":[],"mappings":";;;;;;AAOA,4DAAkC;AAClC,gFAAsC;AAmBzB,QAAA,MAAM,GAAW,aAAG,CAAC,GAAG,CAAC,SAAS,CAAC,CAAA;AAWnC,QAAA,IAAI,GAAiB;IAYhC,mBAAmB,EAAE,KAAK;IAO1B,eAAe,EAAE,CAAC;IAWlB,iBAAiB,EAAE,KAAK;IAWxB,UAAU,EAAE,oBAAS,CAAC,OAAO,CAAC,UAAU,CAAC;IAUzC,IAAI,EAAE,KAAK;IAOX,iBAAiB,EAAE,UAAU;IAO7B,MAAM,EAAE;QACN,MAAM,EAAE,EAAE;QACV,IAAI,EAAE,GAAG;QACT,MAAM,EAAE,IAAI;QACZ,QAAQ,EAAE,IAAI;QACd,MAAM,EAAE,KAAK;QACb,QAAQ,EAAE,KAAK;KAChB;IAkBD,yBAAyB,EAAE,kBAAkB;CAC9C,CAAA;AAOY,QAAA,MAAM,GAAiB;IAalC,IAAI,EAAE,aAAG,CAAC,GAAG,CAAC,UAAU,CAAC;IAUzB,OAAO,EAAE,IAAI;IAYb,KAAK,EAAE,aAAG,CAAC,GAAG,CAAC,WAAW,EAAE,MAAM,CAAC;IAWnC,WAAW,EAAE,aAAG,CAAC,GAAG,CAAC,UAAU,CAAC,KAAK,aAAa;CACnD,CAAA;AAOY,QAAA,QAAQ,GAAmB;IAStC,OAAO,EAAE,IAAI;IAWb,SAAS,EAAE,EAAE;IAWb,SAAS,EAAE,EAAE;CACd,CAAA;AAWY,QAAA,SAAS,GAAoB,EACzC,CAAA","sourcesContent":["/**\n * Config source: https://git.io/JfefZ\n *\n * Feel free to let us know via PR, if you find something broken in this config\n * file.\n */\n\nimport proxyAddr from 'proxy-addr'\nimport Env from '@ioc:Adonis/Core/Env'\nimport type { ServerConfig } from '@ioc:Adonis/Core/Server'\nimport type { LoggerConfig } from '@ioc:Adonis/Core/Logger'\nimport type { ProfilerConfig } from '@ioc:Adonis/Core/Profiler'\nimport type { ValidatorConfig } from '@ioc:Adonis/Core/Validator'\n\n/*\n|--------------------------------------------------------------------------\n| Application secret key\n|--------------------------------------------------------------------------\n|\n| The secret to encrypt and sign different values in your application.\n| Make sure to keep the `APP_KEY` as an environment variable and secure.\n|\n| Note: Changing the application key for an existing app will make all\n| the cookies invalid and also the existing encrypted data will not\n| be decrypted.\n|\n*/\nexport const appKey: string = Env.get('APP_KEY')\n\n/*\n|--------------------------------------------------------------------------\n| Http server configuration\n|--------------------------------------------------------------------------\n|\n| The configuration for the HTTP(s) server. Make sure to go through all\n| the config properties to make keep server secure.\n|\n*/\nexport const http: ServerConfig = {\n  /*\n  |--------------------------------------------------------------------------\n  | Allow method spoofing\n  |--------------------------------------------------------------------------\n  |\n  | Method spoofing enables defining custom HTTP methods using a query string\n  | `_method`. This is usually required when you are making traditional\n  | form requests and wants to use HTTP verbs like `PUT`, `DELETE` and\n  | so on.\n  |\n  */\n  allowMethodSpoofing: false,\n\n  /*\n  |--------------------------------------------------------------------------\n  | Subdomain offset\n  |--------------------------------------------------------------------------\n  */\n  subdomainOffset: 2,\n\n  /*\n  |--------------------------------------------------------------------------\n  | Request Ids\n  |--------------------------------------------------------------------------\n  |\n  | Setting this value to `true` will generate a unique request id for each\n  | HTTP request and set it as `x-request-id` header.\n  |\n  */\n  generateRequestId: false,\n\n  /*\n  |--------------------------------------------------------------------------\n  | Trusting proxy servers\n  |--------------------------------------------------------------------------\n  |\n  | Define the proxy servers that AdonisJs must trust for reading `X-Forwarded`\n  | headers.\n  |\n  */\n  trustProxy: proxyAddr.compile('loopback'),\n\n  /*\n  |--------------------------------------------------------------------------\n  | Generating Etag\n  |--------------------------------------------------------------------------\n  |\n  | Whether or not to generate an etag for every response.\n  |\n  */\n  etag: false,\n\n  /*\n  |--------------------------------------------------------------------------\n  | JSONP Callback\n  |--------------------------------------------------------------------------\n  */\n  jsonpCallbackName: 'callback',\n\n  /*\n  |--------------------------------------------------------------------------\n  | Cookie settings\n  |--------------------------------------------------------------------------\n  */\n  cookie: {\n    domain: '',\n    path: '/',\n    maxAge: '2h',\n    httpOnly: true,\n    secure: false,\n    sameSite: false,\n  },\n\n  /*\n  |--------------------------------------------------------------------------\n  | Force Content Negotiation\n  |--------------------------------------------------------------------------\n  |\n  | The internals of the framework relies on the content negotiation to\n  | detect the best possible response type for a given HTTP request.\n  |\n  | However, it is a very common these days that API servers always wants to\n  | make response in JSON regardless of the existence of the `Accept` header.\n  |\n  | By setting `forceContentNegotiationTo = 'application/json'`, you negotiate\n  | with the server in advance to always return JSON without relying on the\n  | client to set the header explicitly.\n  |\n  */\n  forceContentNegotiationTo: 'application/json',\n}\n\n/*\n|--------------------------------------------------------------------------\n| Logger\n|--------------------------------------------------------------------------\n*/\nexport const logger: LoggerConfig = {\n  /*\n  |--------------------------------------------------------------------------\n  | Application name\n  |--------------------------------------------------------------------------\n  |\n  | The name of the application you want to add to the log. It is recommended\n  | to always have app name in every log line.\n  |\n  | The `APP_NAME` environment variable is automatically set by AdonisJS by\n  | reading the `name` property from the `package.json` file.\n  |\n  */\n  name: Env.get('APP_NAME'),\n\n  /*\n  |--------------------------------------------------------------------------\n  | Toggle logger\n  |--------------------------------------------------------------------------\n  |\n  | Enable or disable logger application wide\n  |\n  */\n  enabled: true,\n\n  /*\n  |--------------------------------------------------------------------------\n  | Logging level\n  |--------------------------------------------------------------------------\n  |\n  | The level from which you want the logger to flush logs. It is recommended\n  | to make use of the environment variable, so that you can define log levels\n  | at deployment level and not code level.\n  |\n  */\n  level: Env.get('LOG_LEVEL', 'info'),\n\n  /*\n  |--------------------------------------------------------------------------\n  | Pretty print\n  |--------------------------------------------------------------------------\n  |\n  | It is highly advised NOT to use `prettyPrint` in production, since it\n  | can have huge impact on performance.\n  |\n  */\n  prettyPrint: Env.get('NODE_ENV') === 'development',\n}\n\n/*\n|--------------------------------------------------------------------------\n| Profiler\n|--------------------------------------------------------------------------\n*/\nexport const profiler: ProfilerConfig = {\n  /*\n  |--------------------------------------------------------------------------\n  | Toggle profiler\n  |--------------------------------------------------------------------------\n  |\n  | Enable or disable profiler\n  |\n  */\n  enabled: true,\n\n  /*\n  |--------------------------------------------------------------------------\n  | Blacklist actions/row labels\n  |--------------------------------------------------------------------------\n  |\n  | Define an array of actions or row labels that you want to disable from\n  | getting profiled.\n  |\n  */\n  blacklist: [],\n\n  /*\n  |--------------------------------------------------------------------------\n  | Whitelist actions/row labels\n  |--------------------------------------------------------------------------\n  |\n  | Define an array of actions or row labels that you want to whitelist for\n  | the profiler. When whitelist is defined, then `blacklist` is ignored.\n  |\n  */\n  whitelist: [],\n}\n\n/*\n|--------------------------------------------------------------------------\n| Validator\n|--------------------------------------------------------------------------\n|\n| Configure the global configuration for the validator. Here's the reference\n| to the default config https://git.io/JT0WE\n|\n*/\nexport const validator: ValidatorConfig = {\n}\n"]},"_coverageSchema":"1a1c01bbd47fc00a2c39e90264f33305004495a9","hash":"67aceef997c93eed37e6121f42f0cf43e4371e7f","contentHash":"eb6a4022fc31fc9a61632a3f230f0f675058daba231b2bcb561bbcb92ad6d24e"},"C:\\Users\\juser\\Documents\\CURSOS\\BOOTCAMP\\proyectos\\proyectoAdonisJS\\RetoFinalEntrega\\config\\bodyparser.ts":{"path":"C:\\Users\\juser\\Documents\\CURSOS\\BOOTCAMP\\proyectos\\proyectoAdonisJS\\RetoFinalEntrega\\config\\bodyparser.ts","statementMap":{"0":{"start":{"line":2,"column":0},"end":{"line":2,"column":62}},"1":{"start":{"line":3,"column":25},"end":{"line":44,"column":1}},"2":{"start":{"line":45,"column":0},"end":{"line":45,"column":35}}},"fnMap":{},"branchMap":{},"s":{"0":1,"1":1,"2":1},"f":{},"b":{},"inputSourceMap":{"version":3,"file":"bodyparser.js","sourceRoot":"","sources":["bodyparser.ts"],"names":[],"mappings":";;AASA,MAAM,gBAAgB,GAAqB;IAUzC,kBAAkB,EAAE,CAAC,MAAM,EAAE,KAAK,EAAE,OAAO,EAAE,QAAQ,CAAC;IAWtD,IAAI,EAAE;QACJ,QAAQ,EAAE,OAAO;QACjB,KAAK,EAAE,KAAK;QACZ,MAAM,EAAE,IAAI;QACZ,KAAK,EAAE;YACL,kBAAkB;YAClB,6BAA6B;YAC7B,0BAA0B;YAC1B,wBAAwB;SACzB;KACF;IAWD,IAAI,EAAE;QACJ,QAAQ,EAAE,OAAO;QACjB,KAAK,EAAE,KAAK;QACZ,WAAW,EAAE,EAAE;QAYf,yBAAyB,EAAE,IAAI;QAE/B,KAAK,EAAE;YACL,mCAAmC;SACpC;KACF;IAYD,GAAG,EAAE;QACH,QAAQ,EAAE,OAAO;QACjB,KAAK,EAAE,KAAK;QACZ,WAAW,EAAE,EAAE;QACf,KAAK,EAAE;YACL,QAAQ;SACT;KACF;IAWD,SAAS,EAAE;QAcT,WAAW,EAAE,IAAI;QAsBjB,eAAe,EAAE,EAAE;QAuBnB,QAAQ,EAAE,OAAO;QAYjB,yBAAyB,EAAE,IAAI;QAW/B,SAAS,EAAE,IAAI;QAWf,KAAK,EAAE,MAAM;QAUb,KAAK,EAAE;YACL,qBAAqB;SACtB;KACF;CACF,CAAA;AAED,kBAAe,gBAAgB,CAAA","sourcesContent":["/**\n * Config source: https://git.io/Jfefn\n *\n * Feel free to let us know via PR, if you find something broken in this config\n * file.\n */\n\nimport type { BodyParserConfig } from '@ioc:Adonis/Core/BodyParser'\n\nconst bodyParserConfig: BodyParserConfig = {\n  /*\n  |--------------------------------------------------------------------------\n  | White listed methods\n  |--------------------------------------------------------------------------\n  |\n  | HTTP methods for which body parsing must be performed. It is a good practice\n  | to avoid body parsing for `GET` requests.\n  |\n  */\n  whitelistedMethods: ['POST', 'PUT', 'PATCH', 'DELETE'],\n\n  /*\n  |--------------------------------------------------------------------------\n  | JSON parser settings\n  |--------------------------------------------------------------------------\n  |\n  | The settings for the JSON parser. The types defines the request content\n  | types which gets processed by the JSON parser.\n  |\n  */\n  json: {\n    encoding: 'utf-8',\n    limit: '1mb',\n    strict: true,\n    types: [\n      'application/json',\n      'application/json-patch+json',\n      'application/vnd.api+json',\n      'application/csp-report',\n    ],\n  },\n\n  /*\n  |--------------------------------------------------------------------------\n  | Form parser settings\n  |--------------------------------------------------------------------------\n  |\n  | The settings for the `application/x-www-form-urlencoded` parser. The types\n  | defines the request content types which gets processed by the form parser.\n  |\n  */\n  form: {\n    encoding: 'utf-8',\n    limit: '1mb',\n    queryString: {},\n\n    /*\n    |--------------------------------------------------------------------------\n    | Convert empty strings to null\n    |--------------------------------------------------------------------------\n    |\n    | Convert empty form fields to null. HTML forms results in field string\n    | value when the field is left blank. This option normalizes all the blank\n    | field values to \"null\"\n    |\n    */\n    convertEmptyStringsToNull: true,\n\n    types: [\n      'application/x-www-form-urlencoded',\n    ],\n  },\n\n  /*\n  |--------------------------------------------------------------------------\n  | Raw body parser settings\n  |--------------------------------------------------------------------------\n  |\n  | Raw body just reads the request body stream as a plain text, which you\n  | can process by hand. This must be used when request body type is not\n  | supported by the body parser.\n  |\n  */\n  raw: {\n    encoding: 'utf-8',\n    limit: '1mb',\n    queryString: {},\n    types: [\n      'text/*',\n    ],\n  },\n\n  /*\n  |--------------------------------------------------------------------------\n  | Multipart parser settings\n  |--------------------------------------------------------------------------\n  |\n  | The settings for the `multipart/form-data` parser. The types defines the\n  | request content types which gets processed by the form parser.\n  |\n  */\n  multipart: {\n    /*\n    |--------------------------------------------------------------------------\n    | Auto process\n    |--------------------------------------------------------------------------\n    |\n    | The auto process option will process uploaded files and writes them to\n    | the `tmp` folder. You can turn it off and then manually use the stream\n    | to pipe stream to a different destination.\n    |\n    | It is recommended to keep `autoProcess=true`. Unless you are processing bigger\n    | file sizes.\n    |\n    */\n    autoProcess: true,\n\n    /*\n    |--------------------------------------------------------------------------\n    | Files to be processed manually\n    |--------------------------------------------------------------------------\n    |\n    | You can turn off `autoProcess` for certain routes by defining\n    | routes inside the following array.\n    |\n    | NOTE: Make sure the route pattern starts with a leading slash.\n    |\n    | Correct\n    | ```js\n    | /projects/:id/file\n    | ```\n    |\n    | Incorrect\n    | ```js\n    | projects/:id/file\n    | ```\n    */\n    processManually: [],\n\n    /*\n    |--------------------------------------------------------------------------\n    | Temporary file name\n    |--------------------------------------------------------------------------\n    |\n    | When auto processing is on. We will use this method to compute the temporary\n    | file name. AdonisJs will compute a unique `tmpPath` for you automatically,\n    | However, you can also define your own custom method.\n    |\n    */\n    // tmpFileName () {\n    // },\n\n    /*\n    |--------------------------------------------------------------------------\n    | Encoding\n    |--------------------------------------------------------------------------\n    |\n    | Request body encoding\n    |\n    */\n    encoding: 'utf-8',\n\n    /*\n    |--------------------------------------------------------------------------\n    | Convert empty strings to null\n    |--------------------------------------------------------------------------\n    |\n    | Convert empty form fields to null. HTML forms results in field string\n    | value when the field is left blank. This option normalizes all the blank\n    | field values to \"null\"\n    |\n    */\n    convertEmptyStringsToNull: true,\n\n    /*\n    |--------------------------------------------------------------------------\n    | Max Fields\n    |--------------------------------------------------------------------------\n    |\n    | The maximum number of fields allowed in the request body. The field includes\n    | text inputs and files both.\n    |\n    */\n    maxFields: 1000,\n\n    /*\n    |--------------------------------------------------------------------------\n    | Request body limit\n    |--------------------------------------------------------------------------\n    |\n    | The total limit to the multipart body. This includes all request files\n    | and fields data.\n    |\n    */\n    limit: '20mb',\n\n    /*\n    |--------------------------------------------------------------------------\n    | Types\n    |--------------------------------------------------------------------------\n    |\n    | The types that will be considered and parsed as multipart body.\n    |\n    */\n    types: [\n      'multipart/form-data',\n    ],\n  },\n}\n\nexport default bodyParserConfig\n"]},"_coverageSchema":"1a1c01bbd47fc00a2c39e90264f33305004495a9","hash":"bab3da3e88092739a1bbabc9cbbee814ef660190","contentHash":"0a479a6dea134a9cda99c01ada6d311f00071dcc95eaaf764c7190e7aa18ea40"},"C:\\Users\\juser\\Documents\\CURSOS\\BOOTCAMP\\proyectos\\proyectoAdonisJS\\RetoFinalEntrega\\config\\cors.ts":{"path":"C:\\Users\\juser\\Documents\\CURSOS\\BOOTCAMP\\proyectos\\proyectoAdonisJS\\RetoFinalEntrega\\config\\cors.ts","statementMap":{"0":{"start":{"line":2,"column":0},"end":{"line":2,"column":62}},"1":{"start":{"line":3,"column":19},"end":{"line":18,"column":1}},"2":{"start":{"line":19,"column":0},"end":{"line":19,"column":29}}},"fnMap":{},"branchMap":{},"s":{"0":1,"1":1,"2":1},"f":{},"b":{},"inputSourceMap":{"version":3,"file":"cors.js","sourceRoot":"","sources":["cors.ts"],"names":[],"mappings":";;AASA,MAAM,UAAU,GAAe;IAa7B,OAAO,EAAE,KAAK;IAwBd,MAAM,EAAE,IAAI;IAYZ,OAAO,EAAE,CAAC,KAAK,EAAE,MAAM,EAAE,MAAM,EAAE,KAAK,EAAE,QAAQ,CAAC;IAmBjD,OAAO,EAAE,IAAI;IAsBb,aAAa,EAAE;QACb,eAAe;QACf,kBAAkB;QAClB,cAAc;QACd,SAAS;QACT,eAAe;QACf,QAAQ;KACT;IAaD,WAAW,EAAE,IAAI;IAWjB,MAAM,EAAE,EAAE;CACX,CAAA;AAED,kBAAe,UAAU,CAAA","sourcesContent":["/**\n * Config source: https://git.io/JfefC\n *\n * Feel free to let us know via PR, if you find something broken in this config\n * file.\n */\n\nimport type { CorsConfig } from '@ioc:Adonis/Core/Cors'\n\nconst corsConfig: CorsConfig = {\n  /*\n  |--------------------------------------------------------------------------\n  | Enabled\n  |--------------------------------------------------------------------------\n  |\n  | A boolean to enable or disable CORS integration from your AdonisJs\n  | application.\n  |\n  | Setting the value to `true` will enable the CORS for all HTTP request. However,\n  | you can define a function to enable/disable it on per request basis as well.\n  |\n  */\n  enabled: false,\n\n  // You can also use a function that return true or false.\n  // enabled: (request) => request.url().startsWith('/api')\n\n  /*\n  |--------------------------------------------------------------------------\n  | Origin\n  |--------------------------------------------------------------------------\n  |\n  | Set a list of origins to be allowed for `Access-Control-Allow-Origin`.\n  | The value can be one of the following:\n  |\n  | https://developer.mozilla.org/en-US/docs/Web/HTTP/Headers/Access-Control-Allow-Origin\n  |\n  | Boolean (true)    - Allow current request origin.\n  | Boolean (false)   - Disallow all.\n  | String            - Comma separated list of allowed origins.\n  | Array             - An array of allowed origins.\n  | String (*)        - A wildcard (*) to allow all request origins.\n  | Function          - Receives the current origin string and should return\n  |                     one of the above values.\n  |\n  */\n  origin: true,\n\n  /*\n  |--------------------------------------------------------------------------\n  | Methods\n  |--------------------------------------------------------------------------\n  |\n  | An array of allowed HTTP methods for CORS. The `Access-Control-Request-Method`\n  | is checked against the following list.\n  |\n  | Following is the list of default methods. Feel free to add more.\n  */\n  methods: ['GET', 'HEAD', 'POST', 'PUT', 'DELETE'],\n\n  /*\n  |--------------------------------------------------------------------------\n  | Headers\n  |--------------------------------------------------------------------------\n  |\n  | List of headers to be allowed for `Access-Control-Allow-Headers` header.\n  | The value can be one of the following:\n  |\n  | https://developer.mozilla.org/en-US/docs/Web/HTTP/Headers/Access-Control-Request-Headers\n  |\n  | Boolean(true)     - Allow all headers mentioned in `Access-Control-Request-Headers`.\n  | Boolean(false)    - Disallow all headers.\n  | String            - Comma separated list of allowed headers.\n  | Array             - An array of allowed headers.\n  | Function          - Receives the current header and should return one of the above values.\n  |\n  */\n  headers: true,\n\n  /*\n  |--------------------------------------------------------------------------\n  | Expose Headers\n  |--------------------------------------------------------------------------\n  |\n  | A list of headers to be exposed by setting `Access-Control-Expose-Headers`.\n  | header. By default following 6 simple response headers are exposed.\n  |\n  | Cache-Control\n  | Content-Language\n  | Content-Type\n  | Expires\n  | Last-Modified\n  | Pragma\n  |\n  | In order to add more headers, simply define them inside the following array.\n  |\n  | https://developer.mozilla.org/en-US/docs/Web/HTTP/Headers/Access-Control-Expose-Headers\n  |\n  */\n  exposeHeaders: [\n    'cache-control',\n    'content-language',\n    'content-type',\n    'expires',\n    'last-modified',\n    'pragma',\n  ],\n\n  /*\n  |--------------------------------------------------------------------------\n  | Credentials\n  |--------------------------------------------------------------------------\n  |\n  | Toggle `Access-Control-Allow-Credentials` header. If value is set to `true`,\n  | then header will be set, otherwise not.\n  |\n  | https://developer.mozilla.org/en-US/docs/Web/HTTP/Headers/Access-Control-Allow-Credentials\n  |\n  */\n  credentials: true,\n\n  /*\n  |--------------------------------------------------------------------------\n  | MaxAge\n  |--------------------------------------------------------------------------\n  |\n  | Define `Access-Control-Max-Age` header in seconds.\n  | https://developer.mozilla.org/en-US/docs/Web/HTTP/Headers/Access-Control-Max-Age\n  |\n  */\n  maxAge: 90,\n}\n\nexport default corsConfig\n"]},"_coverageSchema":"1a1c01bbd47fc00a2c39e90264f33305004495a9","hash":"224bd0aa4e27f5762a2a38f9b51d58745e266be0","contentHash":"0a8b99bfa4babef04d14eaff63cb9faa0b5a94b389683c6149581a34f707cc66"},"C:\\Users\\juser\\Documents\\CURSOS\\BOOTCAMP\\proyectos\\proyectoAdonisJS\\RetoFinalEntrega\\config\\database.ts":{"path":"C:\\Users\\juser\\Documents\\CURSOS\\BOOTCAMP\\proyectos\\proyectoAdonisJS\\RetoFinalEntrega\\config\\database.ts","statementMap":{"0":{"start":{"line":2,"column":22},"end":{"line":4,"column":1}},"1":{"start":{"line":3,"column":4},"end":{"line":3,"column":62}},"2":{"start":{"line":5,"column":0},"end":{"line":5,"column":62}},"3":{"start":{"line":6,"column":14},"end":{"line":6,"column":79}},"4":{"start":{"line":7,"column":23},"end":{"line":24,"column":1}},"5":{"start":{"line":25,"column":0},"end":{"line":25,"column":33}}},"fnMap":{"0":{"name":"(anonymous_0)","decl":{"start":{"line":2,"column":56},"end":{"line":2,"column":57}},"loc":{"start":{"line":2,"column":71},"end":{"line":4,"column":1}},"line":2}},"branchMap":{"0":{"loc":{"start":{"line":2,"column":22},"end":{"line":4,"column":1}},"type":"binary-expr","locations":[{"start":{"line":2,"column":23},"end":{"line":2,"column":27}},{"start":{"line":2,"column":31},"end":{"line":2,"column":51}},{"start":{"line":2,"column":56},"end":{"line":4,"column":1}}],"line":2},"1":{"loc":{"start":{"line":3,"column":11},"end":{"line":3,"column":61}},"type":"cond-expr","locations":[{"start":{"line":3,"column":37},"end":{"line":3,"column":40}},{"start":{"line":3,"column":43},"end":{"line":3,"column":61}}],"line":3},"2":{"loc":{"start":{"line":3,"column":12},"end":{"line":3,"column":33}},"type":"binary-expr","locations":[{"start":{"line":3,"column":12},"end":{"line":3,"column":15}},{"start":{"line":3,"column":19},"end":{"line":3,"column":33}}],"line":3}},"s":{"0":1,"1":1,"2":1,"3":1,"4":1,"5":1},"f":{"0":1},"b":{"0":[1,1,1],"1":[0,1],"2":[1,1]},"inputSourceMap":{"version":3,"file":"database.js","sourceRoot":"","sources":["database.ts"],"names":[],"mappings":";;;;;AAOA,gFAAsC;AAItC,MAAM,cAAc,GAAiD;IAWnE,UAAU,EAAE,aAAG,CAAC,GAAG,CAAC,eAAe,CAAC;IAEpC,WAAW,EAAE;QAYX,EAAE,EAAE;YACF,MAAM,EAAE,IAAI;YACZ,UAAU,EAAE;gBACV,IAAI,EAAE,aAAG,CAAC,GAAG,CAAC,SAAS,CAAC;gBACxB,IAAI,EAAE,aAAG,CAAC,GAAG,CAAC,SAAS,CAAC;gBACxB,IAAI,EAAE,aAAG,CAAC,GAAG,CAAC,SAAS,CAAC;gBACxB,QAAQ,EAAE,aAAG,CAAC,GAAG,CAAC,aAAa,EAAE,EAAE,CAAC;gBACpC,QAAQ,EAAE,aAAG,CAAC,GAAG,CAAC,YAAY,CAAC;aAChC;YACD,WAAW,EAAE,KAAK;YACrB,KAAK,EAAE,KAAK;SACV;KAEF;IAcD,GAAG,EAAE,EACJ;CACF,CAAA;AAED,kBAAe,cAAc,CAAA","sourcesContent":["/**\n * Config source: https://git.io/JesV9\n *\n * Feel free to let us know via PR, if you find something broken in this config\n * file.\n */\n\nimport Env from '@ioc:Adonis/Core/Env'\nimport { OrmConfig } from '@ioc:Adonis/Lucid/Orm'\nimport { DatabaseConfig } from '@ioc:Adonis/Lucid/Database'\n\nconst databaseConfig: DatabaseConfig & { orm: Partial<OrmConfig> } = {\n  /*\n  |--------------------------------------------------------------------------\n  | Connection\n  |--------------------------------------------------------------------------\n  |\n  | The primary connection for making database queries across the application\n  | You can use any key from the `connections` object defined in this same\n  | file.\n  |\n  */\n  connection: Env.get('DB_CONNECTION'),\n\n  connections: {\n    /*\n    |--------------------------------------------------------------------------\n    | PostgreSQL config\n    |--------------------------------------------------------------------------\n    |\n    | Configuration for PostgreSQL database. Make sure to install the driver\n    | from npm when using this connection\n    |\n    | npm i pg\n    |\n    */\n    pg: {\n      client: 'pg',\n      connection: {\n        host: Env.get('PG_HOST'),\n        port: Env.get('PG_PORT'),\n        user: Env.get('PG_USER'),\n        password: Env.get('PG_PASSWORD', ''),\n        database: Env.get('PG_DB_NAME'),\n      },\n      healthCheck: false,\n\t\t\tdebug: false,\n    },\n\n  },\n\n  /*\n  |--------------------------------------------------------------------------\n  | ORM Configuration\n  |--------------------------------------------------------------------------\n  |\n  | Following are some of the configuration options to tweak the conventional\n  | settings of the ORM. For example:\n  |\n  | - Define a custom function to compute the default table name for a given model.\n  | - Or define a custom function to compute the primary key for a given model.\n  |\n  */\n  orm: {\n  },\n}\n\nexport default databaseConfig\n"]},"_coverageSchema":"1a1c01bbd47fc00a2c39e90264f33305004495a9","hash":"6b57183a4ada0728615a366b121d42ac2d2f039e","contentHash":"542f14240abe24a0dc19f9406cf9e36d2150be5307b72198af207be63a7ac45b"},"C:\\Users\\juser\\Documents\\CURSOS\\BOOTCAMP\\proyectos\\proyectoAdonisJS\\RetoFinalEntrega\\config\\drive.ts":{"path":"C:\\Users\\juser\\Documents\\CURSOS\\BOOTCAMP\\proyectos\\proyectoAdonisJS\\RetoFinalEntrega\\config\\drive.ts","statementMap":{"0":{"start":{"line":2,"column":22},"end":{"line":4,"column":1}},"1":{"start":{"line":3,"column":4},"end":{"line":3,"column":62}},"2":{"start":{"line":5,"column":0},"end":{"line":5,"column":62}},"3":{"start":{"line":6,"column":14},"end":{"line":6,"column":79}},"4":{"start":{"line":7,"column":17},"end":{"line":7,"column":55}},"5":{"start":{"line":8,"column":22},"end":{"line":8,"column":95}},"6":{"start":{"line":9,"column":0},"end":{"line":20,"column":3}}},"fnMap":{"0":{"name":"(anonymous_0)","decl":{"start":{"line":2,"column":56},"end":{"line":2,"column":57}},"loc":{"start":{"line":2,"column":71},"end":{"line":4,"column":1}},"line":2}},"branchMap":{"0":{"loc":{"start":{"line":2,"column":22},"end":{"line":4,"column":1}},"type":"binary-expr","locations":[{"start":{"line":2,"column":23},"end":{"line":2,"column":27}},{"start":{"line":2,"column":31},"end":{"line":2,"column":51}},{"start":{"line":2,"column":56},"end":{"line":4,"column":1}}],"line":2},"1":{"loc":{"start":{"line":3,"column":11},"end":{"line":3,"column":61}},"type":"cond-expr","locations":[{"start":{"line":3,"column":37},"end":{"line":3,"column":40}},{"start":{"line":3,"column":43},"end":{"line":3,"column":61}}],"line":3},"2":{"loc":{"start":{"line":3,"column":12},"end":{"line":3,"column":33}},"type":"binary-expr","locations":[{"start":{"line":3,"column":12},"end":{"line":3,"column":15}},{"start":{"line":3,"column":19},"end":{"line":3,"column":33}}],"line":3}},"s":{"0":1,"1":2,"2":1,"3":1,"4":1,"5":1,"6":1},"f":{"0":2},"b":{"0":[1,1,1],"1":[0,2],"2":[2,2]},"inputSourceMap":{"version":3,"file":"drive.js","sourceRoot":"","sources":["drive.ts"],"names":[],"mappings":";;;;;AAOA,gFAAsC;AACtC,wDAAyD;AACzD,gGAAsD;AAWtD,kBAAe,IAAA,oBAAW,EAAC;IAUzB,IAAI,EAAE,aAAG,CAAC,GAAG,CAAC,YAAY,CAAC;IAE3B,KAAK,EAAE;QAUL,KAAK,EAAE;YACL,MAAM,EAAE,OAAO;YACf,UAAU,EAAE,QAAQ;YAWpB,IAAI,EAAE,qBAAW,CAAC,OAAO,CAAC,SAAS,CAAC;YAYpC,UAAU,EAAE,IAAI;YAYhB,QAAQ,EAAE,UAAU;SACrB;KAmEF;CACF,CAAC,CAAA","sourcesContent":["/**\n * Config source: https://git.io/JBt3o\n *\n * Feel free to let us know via PR, if you find something broken in this config\n * file.\n */\n\nimport Env from '@ioc:Adonis/Core/Env'\nimport { driveConfig } from '@adonisjs/core/build/config'\nimport Application from '@ioc:Adonis/Core/Application'\n\n/*\n|--------------------------------------------------------------------------\n| Drive Config\n|--------------------------------------------------------------------------\n|\n| The `DriveConfig` relies on the `DisksList` interface which is\n| defined inside the `contracts` directory.\n|\n*/\nexport default driveConfig({\n  /*\n  |--------------------------------------------------------------------------\n  | Default disk\n  |--------------------------------------------------------------------------\n  |\n  | The default disk to use for managing file uploads. The value is driven by\n  | the `DRIVE_DISK` environment variable.\n  |\n  */\n  disk: Env.get('DRIVE_DISK'),\n\n  disks: {\n    /*\n    |--------------------------------------------------------------------------\n    | Local\n    |--------------------------------------------------------------------------\n    |\n    | Uses the local file system to manage files. Make sure to turn off serving\n    | files when not using this disk.\n    |\n    */\n    local: {\n      driver: 'local',\n      visibility: 'public',\n\n      /*\n      |--------------------------------------------------------------------------\n      | Storage root - Local driver only\n      |--------------------------------------------------------------------------\n      |\n      | Define an absolute path to the storage directory from where to read the\n      | files.\n      |\n      */\n      root: Application.tmpPath('uploads'),\n\n      /*\n      |--------------------------------------------------------------------------\n      | Serve files - Local driver only\n      |--------------------------------------------------------------------------\n      |\n      | When this is set to true, AdonisJS will configure a files server to serve\n      | files from the disk root. This is done to mimic the behavior of cloud\n      | storage services that has inbuilt capabilities to serve files.\n      |\n      */\n      serveFiles: true,\n\n      /*\n      |--------------------------------------------------------------------------\n      | Base path - Local driver only\n      |--------------------------------------------------------------------------\n      |\n      | Base path is always required when \"serveFiles = true\". Also make sure\n      | the `basePath` is unique across all the disks using \"local\" driver and\n      | you are not registering routes with this prefix.\n      |\n      */\n      basePath: '/uploads',\n    },\n\n    /*\n    |--------------------------------------------------------------------------\n    | S3 Driver\n    |--------------------------------------------------------------------------\n    |\n    | Uses the S3 cloud storage to manage files. Make sure to install the s3\n    | drive separately when using it.\n    |\n    |**************************************************************************\n    | npm i @adonisjs/drive-s3\n    |**************************************************************************\n    |\n    */\n    // s3: {\n    //   driver: 's3',\n    //   visibility: 'public',\n    //   key: Env.get('S3_KEY'),\n    //   secret: Env.get('S3_SECRET'),\n    //   region: Env.get('S3_REGION'),\n    //   bucket: Env.get('S3_BUCKET'),\n    //   endpoint: Env.get('S3_ENDPOINT'),\n    //\n    //  // For minio to work\n    //  // forcePathStyle: true,\n    // },\n\n    /*\n    |--------------------------------------------------------------------------\n    | GCS Driver\n    |--------------------------------------------------------------------------\n    |\n    | Uses the Google cloud storage to manage files. Make sure to install the GCS\n    | drive separately when using it.\n    |\n    |**************************************************************************\n    | npm i @adonisjs/drive-gcs\n    |**************************************************************************\n    |\n    */\n    // gcs: {\n    //   driver: 'gcs',\n    //   visibility: 'public',\n    //   keyFilename: Env.get('GCS_KEY_FILENAME'),\n    //   bucket: Env.get('GCS_BUCKET'),\n\n      /*\n      |--------------------------------------------------------------------------\n      | Uniform ACL - Google cloud storage only\n      |--------------------------------------------------------------------------\n      |\n      | When using the Uniform ACL on the bucket, the \"visibility\" option is\n      | ignored. Since, the files ACL is managed by the google bucket policies\n      | directly.\n      |\n      |**************************************************************************\n      | Learn more: https://cloud.google.com/storage/docs/uniform-bucket-level-access\n      |**************************************************************************\n      |\n      | The following option just informs drive whether your bucket is using uniform\n      | ACL or not. The actual setting needs to be toggled within the Google cloud\n      | console.\n      |\n      */\n    //   usingUniformAcl: false,\n    // },\n  },\n})\n"]},"_coverageSchema":"1a1c01bbd47fc00a2c39e90264f33305004495a9","hash":"b4cbd4f31b41268118509808b7fbe8f24dcdd5f6","contentHash":"3512b7016e68e4ab40b6eec8d86441c4584b5783d6c6486af5ecad25fa185e88"},"C:\\Users\\juser\\Documents\\CURSOS\\BOOTCAMP\\proyectos\\proyectoAdonisJS\\RetoFinalEntrega\\config\\hash.ts":{"path":"C:\\Users\\juser\\Documents\\CURSOS\\BOOTCAMP\\proyectos\\proyectoAdonisJS\\RetoFinalEntrega\\config\\hash.ts","statementMap":{"0":{"start":{"line":2,"column":22},"end":{"line":4,"column":1}},"1":{"start":{"line":3,"column":4},"end":{"line":3,"column":62}},"2":{"start":{"line":5,"column":0},"end":{"line":5,"column":62}},"3":{"start":{"line":6,"column":14},"end":{"line":6,"column":79}},"4":{"start":{"line":7,"column":17},"end":{"line":7,"column":55}},"5":{"start":{"line":8,"column":0},"end":{"line":33,"column":3}}},"fnMap":{"0":{"name":"(anonymous_0)","decl":{"start":{"line":2,"column":56},"end":{"line":2,"column":57}},"loc":{"start":{"line":2,"column":71},"end":{"line":4,"column":1}},"line":2}},"branchMap":{"0":{"loc":{"start":{"line":2,"column":22},"end":{"line":4,"column":1}},"type":"binary-expr","locations":[{"start":{"line":2,"column":23},"end":{"line":2,"column":27}},{"start":{"line":2,"column":31},"end":{"line":2,"column":51}},{"start":{"line":2,"column":56},"end":{"line":4,"column":1}}],"line":2},"1":{"loc":{"start":{"line":3,"column":11},"end":{"line":3,"column":61}},"type":"cond-expr","locations":[{"start":{"line":3,"column":37},"end":{"line":3,"column":40}},{"start":{"line":3,"column":43},"end":{"line":3,"column":61}}],"line":3},"2":{"loc":{"start":{"line":3,"column":12},"end":{"line":3,"column":33}},"type":"binary-expr","locations":[{"start":{"line":3,"column":12},"end":{"line":3,"column":15}},{"start":{"line":3,"column":19},"end":{"line":3,"column":33}}],"line":3}},"s":{"0":1,"1":1,"2":1,"3":1,"4":1,"5":1},"f":{"0":1},"b":{"0":[1,1,1],"1":[0,1],"2":[1,1]},"inputSourceMap":{"version":3,"file":"hash.js","sourceRoot":"","sources":["hash.ts"],"names":[],"mappings":";;;;;AAOA,gFAAsC;AACtC,wDAAwD;AAWxD,kBAAe,IAAA,mBAAU,EAAC;IAUxB,OAAO,EAAE,aAAG,CAAC,GAAG,CAAC,aAAa,EAAE,QAAQ,CAAC;IAEzC,IAAI,EAAE;QAcJ,MAAM,EAAE;YACN,MAAM,EAAE,QAAQ;YAChB,IAAI,EAAE,KAAK;YACX,SAAS,EAAE,CAAC;YACZ,eAAe,EAAE,CAAC;YAClB,QAAQ,EAAE,EAAE;YACZ,SAAS,EAAE,EAAE;YACb,SAAS,EAAE,EAAE,GAAG,IAAI,GAAG,IAAI;SAC5B;QAeD,KAAK,EAAE;YACL,MAAM,EAAE,QAAQ;YAChB,OAAO,EAAE,IAAI;YACb,UAAU,EAAE,CAAC;YACb,MAAM,EAAE,IAAI;YACZ,WAAW,EAAE,CAAC;YACd,QAAQ,EAAE,EAAE;SACb;QAeD,MAAM,EAAE;YACN,MAAM,EAAE,QAAQ;YAChB,MAAM,EAAE,EAAE;SACX;KACF;CACF,CAAC,CAAA","sourcesContent":["/**\n * Config source: https://git.io/JfefW\n *\n * Feel free to let us know via PR, if you find something broken in this config\n * file.\n */\n\nimport Env from '@ioc:Adonis/Core/Env'\nimport { hashConfig } from '@adonisjs/core/build/config'\n\n/*\n|--------------------------------------------------------------------------\n| Hash Config\n|--------------------------------------------------------------------------\n|\n| The `HashConfig` relies on the `HashList` interface which is\n| defined inside `contracts` directory.\n|\n*/\nexport default hashConfig({\n  /*\n  |--------------------------------------------------------------------------\n  | Default hasher\n  |--------------------------------------------------------------------------\n  |\n  | By default we make use of the argon hasher to hash values. However, feel\n  | free to change the default value\n  |\n  */\n  default: Env.get('HASH_DRIVER', 'scrypt'),\n\n  list: {\n    /*\n    |--------------------------------------------------------------------------\n    | scrypt\n    |--------------------------------------------------------------------------\n    |\n    | Scrypt mapping uses the Node.js inbuilt crypto module for creating\n    | hashes.\n    |\n    | We are using the default configuration recommended within the Node.js\n    | documentation.\n    | https://nodejs.org/api/crypto.html#cryptoscryptpassword-salt-keylen-options-callback\n    |\n    */\n    scrypt: {\n      driver: 'scrypt',\n      cost: 16384,\n      blockSize: 8,\n      parallelization: 1,\n      saltSize: 16,\n      keyLength: 64,\n      maxMemory: 32 * 1024 * 1024,\n    },\n\n    /*\n    |--------------------------------------------------------------------------\n    | Argon\n    |--------------------------------------------------------------------------\n    |\n    | Argon mapping uses the `argon2` driver to hash values.\n    |\n    | Make sure you install the underlying dependency for this driver to work.\n    | https://www.npmjs.com/package/phc-argon2.\n    |\n    | npm install phc-argon2\n    |\n    */\n    argon: {\n      driver: 'argon2',\n      variant: 'id',\n      iterations: 3,\n      memory: 4096,\n      parallelism: 1,\n      saltSize: 16,\n    },\n\n    /*\n    |--------------------------------------------------------------------------\n    | Bcrypt\n    |--------------------------------------------------------------------------\n    |\n    | Bcrypt mapping uses the `bcrypt` driver to hash values.\n    |\n    | Make sure you install the underlying dependency for this driver to work.\n    | https://www.npmjs.com/package/phc-bcrypt.\n    |\n    | npm install phc-bcrypt\n    |\n    */\n    bcrypt: {\n      driver: 'bcrypt',\n      rounds: 10,\n    },\n  },\n})\n"]},"_coverageSchema":"1a1c01bbd47fc00a2c39e90264f33305004495a9","hash":"800a9e825b3eec9f5c031b8f3092c2c063938fb3","contentHash":"06132c135ad33fc8b6f96a8fb0341887b7cdeaa4fe2a9ba5a8cfde81c585f1bd"},"C:\\Users\\juser\\Documents\\CURSOS\\BOOTCAMP\\proyectos\\proyectoAdonisJS\\RetoFinalEntrega\\config\\swagger.ts":{"path":"C:\\Users\\juser\\Documents\\CURSOS\\BOOTCAMP\\proyectos\\proyectoAdonisJS\\RetoFinalEntrega\\config\\swagger.ts","statementMap":{"0":{"start":{"line":2,"column":0},"end":{"line":2,"column":62}},"1":{"start":{"line":3,"column":0},"end":{"line":36,"column":2}}},"fnMap":{},"branchMap":{"0":{"loc":{"start":{"line":34,"column":10},"end":{"line":34,"column":74}},"type":"cond-expr","locations":[{"start":{"line":34,"column":50},"end":{"line":34,"column":62}},{"start":{"line":34,"column":65},"end":{"line":34,"column":74}}],"line":34}},"s":{"0":1,"1":1},"f":{},"b":{"0":[0,1]},"inputSourceMap":{"version":3,"file":"swagger.js","sourceRoot":"","sources":["swagger.ts"],"names":[],"mappings":";;AAEA,kBAAe;IACd,SAAS,EAAE,IAAI;IACf,KAAK,EAAE,MAAM;IACb,WAAW,EAAE,IAAI;IACjB,OAAO,EAAE,eAAe;IAExB,UAAU,EAAE,EAAE;IAEd,OAAO,EAAE;QACR,UAAU,EAAE;YACX,OAAO,EAAE,OAAO;YAChB,IAAI,EAAE;gBACL,KAAK,EAAE,2BAA2B;gBAClC,OAAO,EAAE,OAAO;gBAChB,WAAW,EAAE,4LAA4L;aACzM;YACD,UAAU,EAAE;gBACX,eAAe,EAAE;oBAChB,UAAU,EAAE;wBACX,IAAI,EAAE,MAAM;wBACZ,MAAM,EAAE,QAAQ;wBAChB,YAAY,EAAE,KAAK;qBACnB;iBACD;aACD;SACD;QAED,IAAI,EAAE;YACL,aAAa;YACb,eAAe;YACf,iBAAiB;SACjB;QACD,QAAQ,EAAE,GAAG;KACb;IACD,IAAI,EAAE,OAAO,CAAC,GAAG,CAAC,QAAQ,KAAK,YAAY,CAAC,CAAC,CAAC,YAAY,CAAC,CAAC,CAAC,SAAS;IACrE,YAAY,EAAE,mBAAmB;CACjB,CAAA","sourcesContent":["import { SwaggerConfig } from '@ioc:Adonis/Addons/Swagger'\n\nexport default {\n\tuiEnabled: true, //disable or enable swaggerUi route\n\tuiUrl: 'docs', // url path to swaggerUI\n\tspecEnabled: true, //disable or enable swagger.json route\n\tspecUrl: '/swagger.json',\n\n\tmiddleware: [], // middlewares array, for protect your swagger docs and spec endpoints\n\n\toptions: {\n\t\tdefinition: {\n\t\t\topenapi: '3.0.0',\n\t\t\tinfo: {\n\t\t\t\ttitle: 'Modulo evaluación docente',\n\t\t\t\tversion: '1.0.0',\n\t\t\t\tdescription: 'Contiene los endpoints correspondientes para la administración de los estudiantes y los formularios para responder las preguntas relacionadas con la calidad del docente para la formación'\n\t\t\t},\n\t\t\tcomponents: {\n\t\t\t\tsecuritySchemes: {\n\t\t\t\t\tbearerAuth: {\n\t\t\t\t\t\ttype: 'http',\n\t\t\t\t\t\tscheme: 'bearer',\n\t\t\t\t\t\tbearerFormat: 'JWT'\n\t\t\t\t\t}\n\t\t\t\t}\n\t\t\t}\n\t\t},\n\n\t\tapis: [\n\t\t\t'app/**/*.ts',\n\t\t\t'docs/**/*.yml',\n\t\t\t'start/routes.ts'\n\t\t],\n\t\tbasePath: '/'\n\t},\n\tmode: process.env.NODE_ENV === 'production' ? 'PRODUCTION' : 'RUNTIME',\n  specFilePath: 'docs/swagger.json'\n} as SwaggerConfig\n"]},"_coverageSchema":"1a1c01bbd47fc00a2c39e90264f33305004495a9","hash":"3637d93669af7d431432069993f8400b84579617","contentHash":"52c00ad237521e885e89be79d58338ef064e7bf9615d8fc294c865d2ff26644c"},"C:\\Users\\juser\\Documents\\CURSOS\\BOOTCAMP\\proyectos\\proyectoAdonisJS\\RetoFinalEntrega\\providers\\AppProvider.ts":{"path":"C:\\Users\\juser\\Documents\\CURSOS\\BOOTCAMP\\proyectos\\proyectoAdonisJS\\RetoFinalEntrega\\providers\\AppProvider.ts","statementMap":{"0":{"start":{"line":2,"column":0},"end":{"line":2,"column":62}},"1":{"start":{"line":5,"column":8},"end":{"line":5,"column":23}},"2":{"start":{"line":16,"column":0},"end":{"line":16,"column":30}}},"fnMap":{"0":{"name":"(anonymous_0)","decl":{"start":{"line":4,"column":4},"end":{"line":4,"column":5}},"loc":{"start":{"line":4,"column":21},"end":{"line":6,"column":5}},"line":4},"1":{"name":"(anonymous_1)","decl":{"start":{"line":7,"column":4},"end":{"line":7,"column":5}},"loc":{"start":{"line":7,"column":15},"end":{"line":8,"column":5}},"line":7},"2":{"name":"(anonymous_2)","decl":{"start":{"line":9,"column":4},"end":{"line":9,"column":5}},"loc":{"start":{"line":9,"column":17},"end":{"line":10,"column":5}},"line":9},"3":{"name":"(anonymous_3)","decl":{"start":{"line":11,"column":4},"end":{"line":11,"column":5}},"loc":{"start":{"line":11,"column":18},"end":{"line":12,"column":5}},"line":11},"4":{"name":"(anonymous_4)","decl":{"start":{"line":13,"column":4},"end":{"line":13,"column":5}},"loc":{"start":{"line":13,"column":21},"end":{"line":14,"column":5}},"line":13}},"branchMap":{},"s":{"0":1,"1":1,"2":1},"f":{"0":1,"1":1,"2":1,"3":1,"4":1},"b":{},"inputSourceMap":{"version":3,"file":"AppProvider.js","sourceRoot":"","sources":["AppProvider.ts"],"names":[],"mappings":";;AAEA,MAAqB,WAAW;IAC9B,YAAuB,GAAwB;QAAxB,QAAG,GAAH,GAAG,CAAqB;IAC/C,CAAC;IAEM,QAAQ;IAEf,CAAC;IAEM,KAAK,CAAC,IAAI;IAEjB,CAAC;IAEM,KAAK,CAAC,KAAK;IAElB,CAAC;IAEM,KAAK,CAAC,QAAQ;IAErB,CAAC;CACF;AAnBD,8BAmBC","sourcesContent":["import type { ApplicationContract } from '@ioc:Adonis/Core/Application'\n\nexport default class AppProvider {\n  constructor (protected app: ApplicationContract) {\n  }\n\n  public register () {\n    // Register your own bindings\n  }\n\n  public async boot () {\n    // IoC container is ready\n  }\n\n  public async ready () {\n    // App is ready\n  }\n\n  public async shutdown () {\n    // Cleanup, since app is going down\n  }\n}\n"]},"_coverageSchema":"1a1c01bbd47fc00a2c39e90264f33305004495a9","hash":"a0a9f94da6e2dd2896115fe53bd75d52ca63a852","contentHash":"170e6f3b0cbd5320ea5180d6d28cf5252debce1e1ef2cf16f5edd448018ffdf6"},"C:\\Users\\juser\\Documents\\CURSOS\\BOOTCAMP\\proyectos\\proyectoAdonisJS\\RetoFinalEntrega\\start\\routes.ts":{"path":"C:\\Users\\juser\\Documents\\CURSOS\\BOOTCAMP\\proyectos\\proyectoAdonisJS\\RetoFinalEntrega\\start\\routes.ts","statementMap":{"0":{"start":{"line":2,"column":22},"end":{"line":4,"column":1}},"1":{"start":{"line":3,"column":4},"end":{"line":3,"column":62}},"2":{"start":{"line":5,"column":0},"end":{"line":5,"column":62}},"3":{"start":{"line":6,"column":16},"end":{"line":6,"column":83}},"4":{"start":{"line":7,"column":0},"end":{"line":7,"column":67}},"5":{"start":{"line":8,"column":0},"end":{"line":41,"column":21}},"6":{"start":{"line":9,"column":4},"end":{"line":15,"column":23}},"7":{"start":{"line":10,"column":8},"end":{"line":10,"column":70}},"8":{"start":{"line":11,"column":8},"end":{"line":11,"column":69}},"9":{"start":{"line":12,"column":8},"end":{"line":12,"column":71}},"10":{"start":{"line":13,"column":8},"end":{"line":13,"column":73}},"11":{"start":{"line":14,"column":8},"end":{"line":14,"column":76}},"12":{"start":{"line":16,"column":4},"end":{"line":23,"column":48}},"13":{"start":{"line":17,"column":8},"end":{"line":17,"column":78}},"14":{"start":{"line":18,"column":8},"end":{"line":18,"column":81}},"15":{"start":{"line":19,"column":8},"end":{"line":19,"column":81}},"16":{"start":{"line":20,"column":8},"end":{"line":20,"column":84}},"17":{"start":{"line":21,"column":8},"end":{"line":21,"column":86}},"18":{"start":{"line":22,"column":8},"end":{"line":22,"column":83}},"19":{"start":{"line":24,"column":4},"end":{"line":29,"column":31}},"20":{"start":{"line":25,"column":8},"end":{"line":25,"column":86}},"21":{"start":{"line":26,"column":8},"end":{"line":26,"column":93}},"22":{"start":{"line":27,"column":8},"end":{"line":27,"column":89}},"23":{"start":{"line":28,"column":8},"end":{"line":28,"column":92}},"24":{"start":{"line":30,"column":4},"end":{"line":35,"column":23}},"25":{"start":{"line":31,"column":8},"end":{"line":31,"column":70}},"26":{"start":{"line":32,"column":8},"end":{"line":32,"column":69}},"27":{"start":{"line":33,"column":8},"end":{"line":33,"column":73}},"28":{"start":{"line":34,"column":8},"end":{"line":34,"column":76}},"29":{"start":{"line":36,"column":4},"end":{"line":40,"column":44}},"30":{"start":{"line":37,"column":8},"end":{"line":37,"column":76}},"31":{"start":{"line":38,"column":8},"end":{"line":38,"column":73}},"32":{"start":{"line":39,"column":8},"end":{"line":39,"column":97}}},"fnMap":{"0":{"name":"(anonymous_0)","decl":{"start":{"line":2,"column":56},"end":{"line":2,"column":57}},"loc":{"start":{"line":2,"column":71},"end":{"line":4,"column":1}},"line":2},"1":{"name":"(anonymous_1)","decl":{"start":{"line":8,"column":22},"end":{"line":8,"column":23}},"loc":{"start":{"line":8,"column":28},"end":{"line":41,"column":1}},"line":8},"2":{"name":"(anonymous_2)","decl":{"start":{"line":9,"column":26},"end":{"line":9,"column":27}},"loc":{"start":{"line":9,"column":32},"end":{"line":15,"column":5}},"line":9},"3":{"name":"(anonymous_3)","decl":{"start":{"line":16,"column":26},"end":{"line":16,"column":27}},"loc":{"start":{"line":16,"column":32},"end":{"line":23,"column":5}},"line":16},"4":{"name":"(anonymous_4)","decl":{"start":{"line":24,"column":26},"end":{"line":24,"column":27}},"loc":{"start":{"line":24,"column":32},"end":{"line":29,"column":5}},"line":24},"5":{"name":"(anonymous_5)","decl":{"start":{"line":30,"column":26},"end":{"line":30,"column":27}},"loc":{"start":{"line":30,"column":32},"end":{"line":35,"column":5}},"line":30},"6":{"name":"(anonymous_6)","decl":{"start":{"line":36,"column":26},"end":{"line":36,"column":27}},"loc":{"start":{"line":36,"column":32},"end":{"line":40,"column":5}},"line":36}},"branchMap":{"0":{"loc":{"start":{"line":2,"column":22},"end":{"line":4,"column":1}},"type":"binary-expr","locations":[{"start":{"line":2,"column":23},"end":{"line":2,"column":27}},{"start":{"line":2,"column":31},"end":{"line":2,"column":51}},{"start":{"line":2,"column":56},"end":{"line":4,"column":1}}],"line":2},"1":{"loc":{"start":{"line":3,"column":11},"end":{"line":3,"column":61}},"type":"cond-expr","locations":[{"start":{"line":3,"column":37},"end":{"line":3,"column":40}},{"start":{"line":3,"column":43},"end":{"line":3,"column":61}}],"line":3},"2":{"loc":{"start":{"line":3,"column":12},"end":{"line":3,"column":33}},"type":"binary-expr","locations":[{"start":{"line":3,"column":12},"end":{"line":3,"column":15}},{"start":{"line":3,"column":19},"end":{"line":3,"column":33}}],"line":3}},"s":{"0":1,"1":1,"2":1,"3":1,"4":1,"5":1,"6":1,"7":1,"8":1,"9":1,"10":1,"11":1,"12":1,"13":1,"14":1,"15":1,"16":1,"17":1,"18":1,"19":1,"20":1,"21":1,"22":1,"23":1,"24":1,"25":1,"26":1,"27":1,"28":1,"29":1,"30":1,"31":1,"32":1},"f":{"0":1,"1":1,"2":1,"3":1,"4":1,"5":1,"6":1},"b":{"0":[1,1,1],"1":[0,1],"2":[1,1]},"inputSourceMap":{"version":3,"file":"routes.js","sourceRoot":"","sources":["routes.ts"],"names":[],"mappings":";;;;;AAAA,oFAA0C;AAE1C,eAAK,CAAC,IAAI,CAAC,eAAe,EAAE,2BAA2B,CAAC,CAAA;AAExD,eAAK,CAAC,KAAK,CAAC,GAAG,EAAE;IAEf,eAAK,CAAC,KAAK,CAAC,GAAG,EAAE;QACf,eAAK,CAAC,IAAI,CAAC,SAAS,EAAE,4BAA4B,CAAC,CAAA;QACnD,eAAK,CAAC,GAAG,CAAC,WAAW,EAAE,0BAA0B,CAAC,CAAA;QAClD,eAAK,CAAC,GAAG,CAAC,cAAc,EAAE,yBAAyB,CAAC,CAAA;QACpD,eAAK,CAAC,GAAG,CAAC,aAAa,EAAE,4BAA4B,CAAC,CAAA;QACtD,eAAK,CAAC,MAAM,CAAC,aAAa,EAAE,4BAA4B,CAAC,CAAA;IAC3D,CAAC,CAAC,CAAC,MAAM,CAAC,OAAO,CAAC,CAAA;IAElB,eAAK,CAAC,KAAK,CAAC,GAAG,EAAE;QACf,eAAK,CAAC,IAAI,CAAC,SAAS,EAAC,oCAAoC,CAAC,CAAA;QAC1D,eAAK,CAAC,GAAG,CAAC,eAAe,EAAC,kCAAkC,CAAC,CAAA;QAC7D,eAAK,CAAC,GAAG,CAAC,aAAa,EAAE,oCAAoC,CAAC,CAAA;QAC9D,eAAK,CAAC,MAAM,CAAC,aAAa,EAAE,oCAAoC,CAAC,CAAA;QAEjE,eAAK,CAAC,GAAG,CAAC,iBAAiB,EAAC,qCAAqC,CAAC,CAAA;QAClE,eAAK,CAAC,GAAG,CAAC,mBAAmB,EAAE,gCAAgC,CAAC,CAAA;IAClE,CAAC,CAAC,CAAC,MAAM,CAAC,YAAY,CAAC,CAAC,UAAU,CAAC,OAAO,CAAC,CAAA;IAE3C,eAAK,CAAC,KAAK,CAAC,GAAG,EAAE;QACf,eAAK,CAAC,IAAI,CAAC,SAAS,EAAC,4CAA4C,CAAC,CAAA;QAClE,eAAK,CAAC,GAAG,CAAC,mBAAmB,EAAC,0CAA0C,CAAC,CAAA;QACzE,eAAK,CAAC,GAAG,CAAC,aAAa,EAAE,4CAA4C,CAAC,CAAA;QACtE,eAAK,CAAC,MAAM,CAAC,aAAa,EAAE,4CAA4C,CAAC,CAAA;IAC3E,CAAC,CAAC,CAAC,MAAM,CAAC,eAAe,CAAC,CAAA;IAE1B,eAAK,CAAC,KAAK,CAAC,GAAG,EAAE;QACf,eAAK,CAAC,IAAI,CAAC,SAAS,EAAC,4BAA4B,CAAC,CAAA;QAClD,eAAK,CAAC,GAAG,CAAC,WAAW,EAAC,0BAA0B,CAAC,CAAA;QACjD,eAAK,CAAC,GAAG,CAAC,aAAa,EAAE,4BAA4B,CAAC,CAAA;QACtD,eAAK,CAAC,MAAM,CAAC,aAAa,EAAE,4BAA4B,CAAC,CAAA;IAC3D,CAAC,CAAC,CAAC,MAAM,CAAC,OAAO,CAAC,CAAA;IAElB,eAAK,CAAC,KAAK,CAAC,GAAG,EAAE;QACf,eAAK,CAAC,GAAG,CAAC,mBAAmB,EAAE,yBAAyB,CAAC,CAAA;QACzD,eAAK,CAAC,GAAG,CAAC,eAAe,EAAE,0BAA0B,CAAC,CAAA;QACtD,eAAK,CAAC,IAAI,CAAC,gBAAgB,EAAE,4BAA4B,CAAC,CAAC,UAAU,CAAC,OAAO,CAAC,CAAA;IAChF,CAAC,CAAC,CAAC,MAAM,CAAC,MAAM,CAAC,CAAC,UAAU,CAAC,SAAS,CAAC,CAAA;AAEzC,CAAC,CAAC,CAAC,MAAM,CAAC,SAAS,CAAC,CAAA","sourcesContent":["import Route from '@ioc:Adonis/Core/Route'\n\nRoute.post('/api/v1/login', 'UsersController.loginUser')\n\nRoute.group(() => {\n\n  Route.group(() => {\n    Route.post('/create', 'UsersController.createUser')\n    Route.get('/getUsers', 'UsersController.getUsers')\n    Route.get('/getUser/:id', 'UsersController.getUser')\n    Route.put('/update/:id', 'UsersController.updateUser')\n    Route.delete('/delete/:id', 'UsersController.deleteUser')\n  }).prefix('/user')\n\n  Route.group(() => {\n    Route.post('/create','QuestionsController.createQuestion')\n    Route.get('/getQuestions','QuestionsController.getQuestions')\n    Route.put('/update/:id', 'QuestionsController.updateQuestion')\n    Route.delete('/delete/:id', 'QuestionsController.deleteQuestion')\n\n    Route.get('/getOptions/:id','AnswersController.getOptionQuestion')\n    Route.put('/updateAnswer/:id', 'AnswersController.updateAnswer')\n  }).prefix('/questions').middleware('Admin')\n\n  Route.group(() => {\n    Route.post('/create','TypeDocumentsController.createTypeDocument')\n    Route.get('/getTypeDocuments','TypeDocumentsController.getTypeDocuments')\n    Route.put('/update/:id', 'TypeDocumentsController.updateTypeDocument')\n    Route.delete('/delete/:id', 'TypeDocumentsController.deleteTypeDocument')\n  }).prefix('/typeDocument')\n \n  Route.group(() => {\n    Route.post('/create','RolesController.createRole')\n    Route.get('/getRoles','RolesController.getRoles')\n    Route.put('/update/:id', 'RolesController.updateRole')\n    Route.delete('/delete/:id', 'RolesController.deleteRole')\n  }).prefix('/role')\n\n  Route.group(() => {\n    Route.get('/getQuestions/:id', 'FormsController.getForm')\n    Route.get('/getQuestions', 'FormsController.getForms')\n    Route.post('/postQuestions', 'FormsController.createForm').middleware('Admin')\n  }).prefix('form').middleware('Student')\n\n}).prefix('/api/v1')\n"]},"_coverageSchema":"1a1c01bbd47fc00a2c39e90264f33305004495a9","hash":"ae1c5d4f75a88fcd1d6b55f4795f1d1ad81c3d9d","contentHash":"80fde0d9691a20f5feb2b5e4fd5dd024bc3ab53fee3e64eae10fbd413015a4fc"},"C:\\Users\\juser\\Documents\\CURSOS\\BOOTCAMP\\proyectos\\proyectoAdonisJS\\RetoFinalEntrega\\start\\kernel.ts":{"path":"C:\\Users\\juser\\Documents\\CURSOS\\BOOTCAMP\\proyectos\\proyectoAdonisJS\\RetoFinalEntrega\\start\\kernel.ts","statementMap":{"0":{"start":{"line":2,"column":22},"end":{"line":12,"column":3}},"1":{"start":{"line":3,"column":4},"end":{"line":3,"column":33}},"2":{"start":{"line":3,"column":26},"end":{"line":3,"column":33}},"3":{"start":{"line":4,"column":15},"end":{"line":4,"column":52}},"4":{"start":{"line":5,"column":4},"end":{"line":7,"column":5}},"5":{"start":{"line":6,"column":6},"end":{"line":6,"column":68}},"6":{"start":{"line":6,"column":51},"end":{"line":6,"column":63}},"7":{"start":{"line":8,"column":4},"end":{"line":8,"column":39}},"8":{"start":{"line":10,"column":4},"end":{"line":10,"column":33}},"9":{"start":{"line":10,"column":26},"end":{"line":10,"column":33}},"10":{"start":{"line":11,"column":4},"end":{"line":11,"column":17}},"11":{"start":{"line":13,"column":25},"end":{"line":17,"column":2}},"12":{"start":{"line":14,"column":4},"end":{"line":14,"column":72}},"13":{"start":{"line":16,"column":4},"end":{"line":16,"column":21}},"14":{"start":{"line":18,"column":19},"end":{"line":24,"column":1}},"15":{"start":{"line":19,"column":4},"end":{"line":19,"column":42}},"16":{"start":{"line":19,"column":31},"end":{"line":19,"column":42}},"17":{"start":{"line":20,"column":17},"end":{"line":20,"column":19}},"18":{"start":{"line":21,"column":4},"end":{"line":21,"column":141}},"19":{"start":{"line":21,"column":21},"end":{"line":21,"column":141}},"20":{"start":{"line":21,"column":40},"end":{"line":21,"column":141}},"21":{"start":{"line":21,"column":109},"end":{"line":21,"column":141}},"22":{"start":{"line":22,"column":4},"end":{"line":22,"column":36}},"23":{"start":{"line":23,"column":4},"end":{"line":23,"column":18}},"24":{"start":{"line":25,"column":22},"end":{"line":27,"column":1}},"25":{"start":{"line":26,"column":4},"end":{"line":26,"column":62}},"26":{"start":{"line":28,"column":0},"end":{"line":28,"column":62}},"27":{"start":{"line":29,"column":17},"end":{"line":29,"column":85}},"28":{"start":{"line":30,"column":0},"end":{"line":32,"column":3}},"29":{"start":{"line":31,"column":10},"end":{"line":31,"column":109}},"30":{"start":{"line":31,"column":39},"end":{"line":31,"column":108}},"31":{"start":{"line":33,"column":0},"end":{"line":37,"column":3}},"32":{"start":{"line":34,"column":19},"end":{"line":34,"column":118}},"33":{"start":{"line":34,"column":48},"end":{"line":34,"column":117}},"34":{"start":{"line":35,"column":17},"end":{"line":35,"column":114}},"35":{"start":{"line":35,"column":46},"end":{"line":35,"column":113}},"36":{"start":{"line":36,"column":19},"end":{"line":36,"column":118}},"37":{"start":{"line":36,"column":48},"end":{"line":36,"column":117}}},"fnMap":{"0":{"name":"(anonymous_0)","decl":{"start":{"line":2,"column":74},"end":{"line":2,"column":75}},"loc":{"start":{"line":2,"column":96},"end":{"line":9,"column":1}},"line":2},"1":{"name":"(anonymous_1)","decl":{"start":{"line":6,"column":38},"end":{"line":6,"column":39}},"loc":{"start":{"line":6,"column":49},"end":{"line":6,"column":65}},"line":6},"2":{"name":"(anonymous_2)","decl":{"start":{"line":9,"column":6},"end":{"line":9,"column":7}},"loc":{"start":{"line":9,"column":28},"end":{"line":12,"column":1}},"line":9},"3":{"name":"(anonymous_3)","decl":{"start":{"line":13,"column":80},"end":{"line":13,"column":81}},"loc":{"start":{"line":13,"column":95},"end":{"line":15,"column":1}},"line":13},"4":{"name":"(anonymous_4)","decl":{"start":{"line":15,"column":5},"end":{"line":15,"column":6}},"loc":{"start":{"line":15,"column":20},"end":{"line":17,"column":1}},"line":15},"5":{"name":"(anonymous_5)","decl":{"start":{"line":18,"column":50},"end":{"line":18,"column":51}},"loc":{"start":{"line":18,"column":65},"end":{"line":24,"column":1}},"line":18},"6":{"name":"(anonymous_6)","decl":{"start":{"line":25,"column":56},"end":{"line":25,"column":57}},"loc":{"start":{"line":25,"column":71},"end":{"line":27,"column":1}},"line":25},"7":{"name":"(anonymous_7)","decl":{"start":{"line":31,"column":4},"end":{"line":31,"column":5}},"loc":{"start":{"line":31,"column":10},"end":{"line":31,"column":109}},"line":31},"8":{"name":"(anonymous_8)","decl":{"start":{"line":31,"column":33},"end":{"line":31,"column":34}},"loc":{"start":{"line":31,"column":39},"end":{"line":31,"column":108}},"line":31},"9":{"name":"(anonymous_9)","decl":{"start":{"line":34,"column":13},"end":{"line":34,"column":14}},"loc":{"start":{"line":34,"column":19},"end":{"line":34,"column":118}},"line":34},"10":{"name":"(anonymous_10)","decl":{"start":{"line":34,"column":42},"end":{"line":34,"column":43}},"loc":{"start":{"line":34,"column":48},"end":{"line":34,"column":117}},"line":34},"11":{"name":"(anonymous_11)","decl":{"start":{"line":35,"column":11},"end":{"line":35,"column":12}},"loc":{"start":{"line":35,"column":17},"end":{"line":35,"column":114}},"line":35},"12":{"name":"(anonymous_12)","decl":{"start":{"line":35,"column":40},"end":{"line":35,"column":41}},"loc":{"start":{"line":35,"column":46},"end":{"line":35,"column":113}},"line":35},"13":{"name":"(anonymous_13)","decl":{"start":{"line":36,"column":13},"end":{"line":36,"column":14}},"loc":{"start":{"line":36,"column":19},"end":{"line":36,"column":118}},"line":36},"14":{"name":"(anonymous_14)","decl":{"start":{"line":36,"column":42},"end":{"line":36,"column":43}},"loc":{"start":{"line":36,"column":48},"end":{"line":36,"column":117}},"line":36}},"branchMap":{"0":{"loc":{"start":{"line":2,"column":22},"end":{"line":12,"column":3}},"type":"binary-expr","locations":[{"start":{"line":2,"column":23},"end":{"line":2,"column":27}},{"start":{"line":2,"column":31},"end":{"line":2,"column":51}},{"start":{"line":2,"column":57},"end":{"line":12,"column":2}}],"line":2},"1":{"loc":{"start":{"line":2,"column":57},"end":{"line":12,"column":2}},"type":"cond-expr","locations":[{"start":{"line":2,"column":74},"end":{"line":9,"column":1}},{"start":{"line":9,"column":6},"end":{"line":12,"column":1}}],"line":2},"2":{"loc":{"start":{"line":3,"column":4},"end":{"line":3,"column":33}},"type":"if","locations":[{"start":{"line":3,"column":4},"end":{"line":3,"column":33}},{"start":{"line":3,"column":4},"end":{"line":3,"column":33}}],"line":3},"3":{"loc":{"start":{"line":5,"column":4},"end":{"line":7,"column":5}},"type":"if","locations":[{"start":{"line":5,"column":4},"end":{"line":7,"column":5}},{"start":{"line":5,"column":4},"end":{"line":7,"column":5}}],"line":5},"4":{"loc":{"start":{"line":5,"column":8},"end":{"line":5,"column":85}},"type":"binary-expr","locations":[{"start":{"line":5,"column":8},"end":{"line":5,"column":13}},{"start":{"line":5,"column":18},"end":{"line":5,"column":84}}],"line":5},"5":{"loc":{"start":{"line":5,"column":18},"end":{"line":5,"column":84}},"type":"cond-expr","locations":[{"start":{"line":5,"column":34},"end":{"line":5,"column":47}},{"start":{"line":5,"column":50},"end":{"line":5,"column":84}}],"line":5},"6":{"loc":{"start":{"line":5,"column":50},"end":{"line":5,"column":84}},"type":"binary-expr","locations":[{"start":{"line":5,"column":50},"end":{"line":5,"column":63}},{"start":{"line":5,"column":67},"end":{"line":5,"column":84}}],"line":5},"7":{"loc":{"start":{"line":10,"column":4},"end":{"line":10,"column":33}},"type":"if","locations":[{"start":{"line":10,"column":4},"end":{"line":10,"column":33}},{"start":{"line":10,"column":4},"end":{"line":10,"column":33}}],"line":10},"8":{"loc":{"start":{"line":13,"column":25},"end":{"line":17,"column":2}},"type":"binary-expr","locations":[{"start":{"line":13,"column":26},"end":{"line":13,"column":30}},{"start":{"line":13,"column":34},"end":{"line":13,"column":57}},{"start":{"line":13,"column":63},"end":{"line":17,"column":1}}],"line":13},"9":{"loc":{"start":{"line":13,"column":63},"end":{"line":17,"column":1}},"type":"cond-expr","locations":[{"start":{"line":13,"column":80},"end":{"line":15,"column":1}},{"start":{"line":15,"column":5},"end":{"line":17,"column":1}}],"line":13},"10":{"loc":{"start":{"line":18,"column":19},"end":{"line":24,"column":1}},"type":"binary-expr","locations":[{"start":{"line":18,"column":20},"end":{"line":18,"column":24}},{"start":{"line":18,"column":28},"end":{"line":18,"column":45}},{"start":{"line":18,"column":50},"end":{"line":24,"column":1}}],"line":18},"11":{"loc":{"start":{"line":19,"column":4},"end":{"line":19,"column":42}},"type":"if","locations":[{"start":{"line":19,"column":4},"end":{"line":19,"column":42}},{"start":{"line":19,"column":4},"end":{"line":19,"column":42}}],"line":19},"12":{"loc":{"start":{"line":19,"column":8},"end":{"line":19,"column":29}},"type":"binary-expr","locations":[{"start":{"line":19,"column":8},"end":{"line":19,"column":11}},{"start":{"line":19,"column":15},"end":{"line":19,"column":29}}],"line":19},"13":{"loc":{"start":{"line":21,"column":4},"end":{"line":21,"column":141}},"type":"if","locations":[{"start":{"line":21,"column":4},"end":{"line":21,"column":141}},{"start":{"line":21,"column":4},"end":{"line":21,"column":141}}],"line":21},"14":{"loc":{"start":{"line":21,"column":40},"end":{"line":21,"column":141}},"type":"if","locations":[{"start":{"line":21,"column":40},"end":{"line":21,"column":141}},{"start":{"line":21,"column":40},"end":{"line":21,"column":141}}],"line":21},"15":{"loc":{"start":{"line":21,"column":44},"end":{"line":21,"column":107}},"type":"binary-expr","locations":[{"start":{"line":21,"column":44},"end":{"line":21,"column":59}},{"start":{"line":21,"column":63},"end":{"line":21,"column":107}}],"line":21},"16":{"loc":{"start":{"line":25,"column":22},"end":{"line":27,"column":1}},"type":"binary-expr","locations":[{"start":{"line":25,"column":23},"end":{"line":25,"column":27}},{"start":{"line":25,"column":31},"end":{"line":25,"column":51}},{"start":{"line":25,"column":56},"end":{"line":27,"column":1}}],"line":25},"17":{"loc":{"start":{"line":26,"column":11},"end":{"line":26,"column":61}},"type":"cond-expr","locations":[{"start":{"line":26,"column":37},"end":{"line":26,"column":40}},{"start":{"line":26,"column":43},"end":{"line":26,"column":61}}],"line":26},"18":{"loc":{"start":{"line":26,"column":12},"end":{"line":26,"column":33}},"type":"binary-expr","locations":[{"start":{"line":26,"column":12},"end":{"line":26,"column":15}},{"start":{"line":26,"column":19},"end":{"line":26,"column":33}}],"line":26}},"s":{"0":1,"1":0,"2":0,"3":0,"4":0,"5":0,"6":0,"7":0,"8":0,"9":0,"10":0,"11":1,"12":74,"13":0,"14":1,"15":89,"16":15,"17":74,"18":74,"19":74,"20":0,"21":0,"22":74,"23":74,"24":1,"25":1,"26":1,"27":1,"28":1,"29":74,"30":74,"31":1,"32":0,"33":0,"34":12,"35":12,"36":3,"37":3},"f":{"0":0,"1":0,"2":0,"3":74,"4":0,"5":89,"6":1,"7":74,"8":74,"9":0,"10":0,"11":12,"12":12,"13":3,"14":3},"b":{"0":[1,1,1],"1":[1,0],"2":[0,0],"3":[0,0],"4":[0,0],"5":[0,0],"6":[0,0],"7":[0,0],"8":[1,1,1],"9":[1,0],"10":[1,1,1],"11":[15,74],"12":[89,89],"13":[74,0],"14":[0,0],"15":[0,0],"16":[1,1,1],"17":[0,1],"18":[1,1]},"inputSourceMap":{"version":3,"file":"kernel.js","sourceRoot":"","sources":["kernel.ts"],"names":[],"mappings":";;;;;;;;;;;;;;;;;;;;;;;;;;;;AAWA,sFAA4C;AAW5C,gBAAM,CAAC,UAAU,CAAC,QAAQ,CAAC;IACzB,GAAG,EAAE,oGAAsC;CAC5C,CAAC,CAAA;AAkBF,gBAAM,CAAC,UAAU,CAAC,aAAa,CAAC;IAC9B,OAAO,EAAE,GAAG,EAAE,yEAAQ,wBAAwB,GAAC;IAC/C,KAAK,EAAE,GAAG,EAAE,yEAAQ,sBAAsB,GAAC;IAC3C,OAAO,EAAE,GAAG,EAAE,yEAAQ,wBAAwB,GAAC;CAChD,CAAC,CAAA","sourcesContent":["/*\n|--------------------------------------------------------------------------\n| Application middleware\n|--------------------------------------------------------------------------\n|\n| This file is used to define middleware for HTTP requests. You can register\n| middleware as a `closure` or an IoC container binding. The bindings are\n| preferred, since they keep this file clean.\n|\n*/\n\nimport Server from '@ioc:Adonis/Core/Server'\n\n/*\n|--------------------------------------------------------------------------\n| Global middleware\n|--------------------------------------------------------------------------\n|\n| An array of global middleware, that will be executed in the order they\n| are defined for every HTTP requests.\n|\n*/\nServer.middleware.register([\n  () => import('@ioc:Adonis/Core/BodyParser'),\n])\n\n/*\n|--------------------------------------------------------------------------\n| Named middleware\n|--------------------------------------------------------------------------\n|\n| Named middleware are defined as key-value pair. The value is the namespace\n| or middleware function and key is the alias. Later you can use these\n| alias on individual routes. For example:\n|\n| { auth: () => import('App/Middleware/Auth') }\n|\n| and then use it as follows\n|\n| Route.get('dashboard', 'UserController.dashboard').middleware('auth')\n|\n*/\nServer.middleware.registerNamed({\n  General: () => import('App/Middleware/General'),\n  Admin: () => import('App/Middleware/Admin'),\n  Student: () => import('App/Middleware/Student')\n})\n"]},"_coverageSchema":"1a1c01bbd47fc00a2c39e90264f33305004495a9","hash":"5b3e91c6760bb8e9f611e4a5a58a3739bf957b68","contentHash":"5e549e81ff37525df8a7ef3ababf10f7965c5e2851f091118797c05b454eba34"},"C:\\Users\\juser\\Documents\\CURSOS\\BOOTCAMP\\proyectos\\proyectoAdonisJS\\RetoFinalEntrega\\app\\Controllers\\Http\\UsersController.ts":{"path":"C:\\Users\\juser\\Documents\\CURSOS\\BOOTCAMP\\proyectos\\proyectoAdonisJS\\RetoFinalEntrega\\app\\Controllers\\Http\\UsersController.ts","statementMap":{"0":{"start":{"line":2,"column":22},"end":{"line":4,"column":1}},"1":{"start":{"line":3,"column":4},"end":{"line":3,"column":62}},"2":{"start":{"line":5,"column":0},"end":{"line":5,"column":62}},"3":{"start":{"line":6,"column":15},"end":{"line":6,"column":80}},"4":{"start":{"line":7,"column":23},"end":{"line":7,"column":63}},"5":{"start":{"line":8,"column":14},"end":{"line":8,"column":79}},"6":{"start":{"line":9,"column":15},"end":{"line":9,"column":34}},"7":{"start":{"line":12,"column":25},"end":{"line":12,"column":38}},"8":{"start":{"line":13,"column":8},"end":{"line":37,"column":9}},"9":{"start":{"line":14,"column":25},"end":{"line":14,"column":45}},"10":{"start":{"line":15,"column":28},"end":{"line":15,"column":48}},"11":{"start":{"line":16,"column":12},"end":{"line":16,"column":51}},"12":{"start":{"line":17,"column":12},"end":{"line":17,"column":53}},"13":{"start":{"line":18,"column":12},"end":{"line":18,"column":47}},"14":{"start":{"line":19,"column":12},"end":{"line":19,"column":59}},"15":{"start":{"line":20,"column":12},"end":{"line":20,"column":57}},"16":{"start":{"line":21,"column":12},"end":{"line":21,"column":61}},"17":{"start":{"line":22,"column":12},"end":{"line":22,"column":43}},"18":{"start":{"line":23,"column":12},"end":{"line":23,"column":72}},"19":{"start":{"line":24,"column":12},"end":{"line":24,"column":41}},"20":{"start":{"line":25,"column":12},"end":{"line":25,"column":43}},"21":{"start":{"line":26,"column":12},"end":{"line":26,"column":33}},"22":{"start":{"line":27,"column":12},"end":{"line":30,"column":15}},"23":{"start":{"line":33,"column":12},"end":{"line":36,"column":15}},"24":{"start":{"line":40,"column":22},"end":{"line":40,"column":44}},"25":{"start":{"line":41,"column":25},"end":{"line":41,"column":50}},"26":{"start":{"line":42,"column":8},"end":{"line":68,"column":9}},"27":{"start":{"line":43,"column":25},"end":{"line":43,"column":74}},"28":{"start":{"line":44,"column":34},"end":{"line":44,"column":77}},"29":{"start":{"line":45,"column":12},"end":{"line":46,"column":28}},"30":{"start":{"line":46,"column":16},"end":{"line":46,"column":28}},"31":{"start":{"line":47,"column":28},"end":{"line":51,"column":13}},"32":{"start":{"line":52,"column":26},"end":{"line":52,"column":52}},"33":{"start":{"line":53,"column":25},"end":{"line":53,"column":101}},"34":{"start":{"line":54,"column":12},"end":{"line":61,"column":15}},"35":{"start":{"line":64,"column":12},"end":{"line":67,"column":15}},"36":{"start":{"line":71,"column":25},"end":{"line":73,"column":9}},"37":{"start":{"line":74,"column":8},"end":{"line":74,"column":99}},"38":{"start":{"line":77,"column":20},"end":{"line":77,"column":53}},"39":{"start":{"line":78,"column":8},"end":{"line":82,"column":11}},"40":{"start":{"line":79,"column":12},"end":{"line":81,"column":13}},"41":{"start":{"line":80,"column":16},"end":{"line":80,"column":50}},"42":{"start":{"line":83,"column":8},"end":{"line":83,"column":20}},"43":{"start":{"line":86,"column":20},"end":{"line":86,"column":53}},"44":{"start":{"line":87,"column":24},"end":{"line":87,"column":125}},"45":{"start":{"line":88,"column":8},"end":{"line":88,"column":23}},"46":{"start":{"line":91,"column":8},"end":{"line":108,"column":9}},"47":{"start":{"line":92,"column":26},"end":{"line":95,"column":130}},"48":{"start":{"line":96,"column":12},"end":{"line":100,"column":15}},"49":{"start":{"line":103,"column":12},"end":{"line":103,"column":31}},"50":{"start":{"line":104,"column":12},"end":{"line":107,"column":15}},"51":{"start":{"line":111,"column":24},"end":{"line":111,"column":37}},"52":{"start":{"line":112,"column":23},"end":{"line":112,"column":42}},"53":{"start":{"line":113,"column":8},"end":{"line":134,"column":9}},"54":{"start":{"line":114,"column":25},"end":{"line":114,"column":72}},"55":{"start":{"line":115,"column":12},"end":{"line":115,"column":47}},"56":{"start":{"line":116,"column":12},"end":{"line":116,"column":49}},"57":{"start":{"line":117,"column":12},"end":{"line":117,"column":43}},"58":{"start":{"line":118,"column":12},"end":{"line":118,"column":55}},"59":{"start":{"line":119,"column":12},"end":{"line":119,"column":53}},"60":{"start":{"line":120,"column":12},"end":{"line":120,"column":57}},"61":{"start":{"line":121,"column":12},"end":{"line":121,"column":39}},"62":{"start":{"line":122,"column":12},"end":{"line":122,"column":39}},"63":{"start":{"line":123,"column":12},"end":{"line":123,"column":30}},"64":{"start":{"line":124,"column":12},"end":{"line":127,"column":15}},"65":{"start":{"line":130,"column":12},"end":{"line":133,"column":15}},"66":{"start":{"line":137,"column":23},"end":{"line":137,"column":42}},"67":{"start":{"line":138,"column":8},"end":{"line":151,"column":9}},"68":{"start":{"line":139,"column":12},"end":{"line":139,"column":60}},"69":{"start":{"line":140,"column":12},"end":{"line":140,"column":70}},"70":{"start":{"line":141,"column":12},"end":{"line":144,"column":15}},"71":{"start":{"line":147,"column":12},"end":{"line":150,"column":15}},"72":{"start":{"line":154,"column":23},"end":{"line":154,"column":42}},"73":{"start":{"line":155,"column":8},"end":{"line":168,"column":9}},"74":{"start":{"line":156,"column":129},"end":{"line":156,"column":176}},"75":{"start":{"line":157,"column":12},"end":{"line":161,"column":15}},"76":{"start":{"line":164,"column":12},"end":{"line":167,"column":15}},"77":{"start":{"line":171,"column":0},"end":{"line":171,"column":34}}},"fnMap":{"0":{"name":"(anonymous_0)","decl":{"start":{"line":2,"column":56},"end":{"line":2,"column":57}},"loc":{"start":{"line":2,"column":71},"end":{"line":4,"column":1}},"line":2},"1":{"name":"(anonymous_1)","decl":{"start":{"line":11,"column":4},"end":{"line":11,"column":5}},"loc":{"start":{"line":11,"column":44},"end":{"line":38,"column":5}},"line":11},"2":{"name":"(anonymous_2)","decl":{"start":{"line":39,"column":4},"end":{"line":39,"column":5}},"loc":{"start":{"line":39,"column":43},"end":{"line":69,"column":5}},"line":39},"3":{"name":"(anonymous_3)","decl":{"start":{"line":70,"column":4},"end":{"line":70,"column":5}},"loc":{"start":{"line":70,"column":26},"end":{"line":75,"column":5}},"line":70},"4":{"name":"(anonymous_4)","decl":{"start":{"line":76,"column":4},"end":{"line":76,"column":5}},"loc":{"start":{"line":76,"column":47},"end":{"line":84,"column":5}},"line":76},"5":{"name":"(anonymous_5)","decl":{"start":{"line":78,"column":82},"end":{"line":78,"column":83}},"loc":{"start":{"line":78,"column":93},"end":{"line":82,"column":9}},"line":78},"6":{"name":"(anonymous_6)","decl":{"start":{"line":85,"column":4},"end":{"line":85,"column":5}},"loc":{"start":{"line":85,"column":47},"end":{"line":89,"column":5}},"line":85},"7":{"name":"(anonymous_7)","decl":{"start":{"line":90,"column":4},"end":{"line":90,"column":5}},"loc":{"start":{"line":90,"colu
[...]
CAAC,CAAC,IAAI,CAAC;gBAC7B,OAAO,EAAE,KAAK;gBACd,SAAS,EAAE,yCAAyC;aACvD,CAAC,CAAA;SACL;IACL,CAAC;CACJ;AA3CD,oCA2CC","sourcesContent":["import type { HttpContextContract } from '@ioc:Adonis/Core/HttpContext'\nimport Answer from 'App/Models/Answer'\n\nexport default class AnswersController {\n\n    public async updateAnswer({request, response}: HttpContextContract) {\n        const option = await request.input('opcion')\n        const isCorrect = await request.input('iscorrect')\n        const idAnswer = await request.param('id')\n        try {\n            const updateAnswer = await Answer.findByOrFail('id', idAnswer)\n            updateAnswer.answer = option\n            updateAnswer.isCorrect = isCorrect\n            await updateAnswer.save()\n\n            return response.status(200).json({\n                \"state\": true,\n                \"message\": \"opcion Editada con exito\"                   \n            })   \n\n        \n        } catch (error) {\n            return response.status(400).json({\n                \"state\": false,\n                \"message\": \"Error al editar la opcion\"            \n            })  \n        }\n    }\n\n    public async getOptionQuestion({request, response}: HttpContextContract){\n        const question = request.param('id')\n        try {\n            await Answer.findByOrFail('questionId', question)\n            const options = await Answer.query().where('questionId', question).select('id','answer')\n            return response.status(200).json({\n                \"state\": true,\n                \"message\": \"Listado de opciones\",\n                options\n            })\n        } catch (error) {\n            return response.status(400).json({\n                \"state\": false,\n                \"message\": \"Error al obtener el listado de opciones\"\n            })\n        }\n    }\n}"]},"_coverageSchema":"1a1c01bbd47fc00a2c39e90264f33305004495a9","hash":"5d17abd087d6d6c7a1324621b52f53ce3234742d","contentHash":"4498fb30ab1dcc51257bdebfcd528c848a3260d86bd81f75eb61f15bc16c6828"},"C:\\Users\\juser\\Documents\\CURSOS\\BOOTCAMP\\proyectos\\proyectoAdonisJS\\RetoFinalEntrega\\app\\Controllers\\Http\\RolesController.ts":{"path":"C:\\Users\\juser\\Documents\\CURSOS\\BOOTCAMP\\proyectos\\proyectoAdonisJS\\RetoFinalEntrega\\app\\Controllers\\Http\\RolesController.ts","statementMap":{"0":{"start":{"line":2,"column":22},"end":{"line":4,"column":1}},"1":{"start":{"line":3,"column":4},"end":{"line":3,"column":62}},"2":{"start":{"line":5,"column":0},"end":{"line":5,"column":62}},"3":{"start":{"line":6,"column":15},"end":{"line":6,"column":80}},"4":{"start":{"line":9,"column":21},"end":{"line":9,"column":48}},"5":{"start":{"line":10,"column":8},"end":{"line":24,"column":9}},"6":{"start":{"line":11,"column":28},"end":{"line":11,"column":48}},"7":{"start":{"line":12,"column":12},"end":{"line":12,"column":32}},"8":{"start":{"line":13,"column":12},"end":{"line":13,"column":33}},"9":{"start":{"line":14,"column":12},"end":{"line":17,"column":15}},"10":{"start":{"line":20,"column":12},"end":{"line":23,"column":15}},"11":{"start":{"line":27,"column":8},"end":{"line":35,"column":9}},"12":{"start":{"line":28,"column":12},"end":{"line":28,"column":48}},"13":{"start":{"line":31,"column":12},"end":{"line":34,"column":14}},"14":{"start":{"line":38,"column":23},"end":{"line":38,"column":42}},"15":{"start":{"line":39,"column":8},"end":{"line":52,"column":9}},"16":{"start":{"line":40,"column":12},"end":{"line":40,"column":60}},"17":{"start":{"line":41,"column":12},"end":{"line":41,"column":70}},"18":{"start":{"line":42,"column":12},"end":{"line":45,"column":15}},"19":{"start":{"line":48,"column":12},"end":{"line":51,"column":15}},"20":{"start":{"line":55,"column":24},"end":{"line":55,"column":45}},"21":{"start":{"line":56,"column":23},"end":{"line":56,"column":42}},"22":{"start":{"line":57,"column":8},"end":{"line":71,"column":9}},"23":{"start":{"line":58,"column":25},"end":{"line":58,"column":72}},"24":{"start":{"line":59,"column":12},"end":{"line":59,"column":32}},"25":{"start":{"line":60,"column":12},"end":{"line":60,"column":30}},"26":{"start":{"line":61,"column":12},"end":{"line":64,"column":15}},"27":{"start":{"line":67,"column":12},"end":{"line":70,"column":15}},"28":{"start":{"line":74,"column":0},"end":{"line":74,"column":34}}},"fnMap":{"0":{"name":"(anonymous_0)","decl":{"start":{"line":2,"column":56},"end":{"line":2,"column":57}},"loc":{"start":{"line":2,"column":71},"end":{"line":4,"column":1}},"line":2},"1":{"name":"(anonymous_1)","decl":{"start":{"line":8,"column":4},"end":{"line":8,"column":5}},"loc":{"start":{"line":8,"column":44},"end":{"line":25,"column":5}},"line":8},"2":{"name":"(anonymous_2)","decl":{"start":{"line":26,"column":4},"end":{"line":26,"column":5}},"loc":{"start":{"line":26,"column":21},"end":{"line":36,"column":5}},"line":26},"3":{"name":"(anonymous_3)","decl":{"start":{"line":37,"column":4},"end":{"line":37,"column":5}},"loc":{"start":{"line":37,"column":44},"end":{"line":53,"column":5}},"line":37},"4":{"name":"(anonymous_4)","decl":{"start":{"line":54,"column":4},"end":{"line":54,"column":5}},"loc":{"start":{"line":54,"column":44},"end":{"line":72,"column":5}},"line":54}},"branchMap":{"0":{"loc":{"start":{"line":2,"column":22},"end":{"line":4,"column":1}},"type":"binary-expr","locations":[{"start":{"line":2,"column":23},"end":{"line":2,"column":27}},{"start":{"line":2,"column":31},"end":{"line":2,"column":51}},{"start":{"line":2,"column":56},"end":{"line":4,"column":1}}],"line":2},"1":{"loc":{"start":{"line":3,"column":11},"end":{"line":3,"column":61}},"type":"cond-expr","locations":[{"start":{"line":3,"column":37},"end":{"line":3,"column":40}},{"start":{"line":3,"column":43},"end":{"line":3,"column":61}}],"line":3},"2":{"loc":{"start":{"line":3,"column":12},"end":{"line":3,"column":33}},"type":"binary-expr","locations":[{"start":{"line":3,"column":12},"end":{"line":3,"column":15}},{"start":{"line":3,"column":19},"end":{"line":3,"column":33}}],"line":3}},"s":{"0":1,"1":1,"2":1,"3":1,"4":2,"5":2,"6":2,"7":2,"8":2,"9":0,"10":2,"11":1,"12":1,"13":0,"14":2,"15":2,"16":2,"17":0,"18":0,"19":2,"20":2,"21":2,"22":2,"23":2,"24":0,"25":0,"26":0,"27":2,"28":1},"f":{"0":1,"1":2,"2":1,"3":2,"4":2},"b":{"0":[1,1,1],"1":[1,0],"2":[1,1]},"inputSourceMap":{"version":3,"file":"RolesController.js","sourceRoot":"","sources":["RolesController.ts"],"names":[],"mappings":";;;;;AACA,iFAAkC;AAElC,MAAqB,eAAe;IACzB,KAAK,CAAC,UAAU,CAAC,EAAC,OAAO,EAAE,QAAQ,EAAsB;QAC5D,MAAM,IAAI,GAAG,MAAM,OAAO,CAAC,KAAK,CAAC,MAAM,CAAC,CAAA;QACxC,IAAI;YACA,MAAM,OAAO,GAAG,IAAI,cAAI,EAAE,CAAA;YAC1B,OAAO,CAAC,IAAI,GAAG,IAAI,CAAA;YACnB,MAAM,OAAO,CAAC,IAAI,EAAE,CAAA;YACpB,OAAO,QAAQ,CAAC,MAAM,CAAC,GAAG,CAAC,CAAC,IAAI,CAAC;gBAC7B,OAAO,EAAE,IAAI;gBACb,SAAS,EAAE,sBAAsB;aAEpC,CAAC,CAAA;SAEL;QAAC,OAAO,KAAK,EAAE;YACZ,OAAO,QAAQ,CAAC,MAAM,CAAC,GAAG,CAAC,CAAC,IAAI,CAAC;gBAC7B,OAAO,EAAE,KAAK;gBACd,SAAS,EAAE,uBAAuB;aAErC,CAAC,CAAA;SACL;IACL,CAAC;IAEM,KAAK,CAAC,QAAQ;QACjB,IAAI;YACA,OAAO,MAAM,cAAI,CAAC,KAAK,EAAE,CAAA;SAC5B;QAAC,OAAO,KAAK,EAAE;YACZ,OAAO;gBACH,OAAO,EAAE,KAAK;gBACd,SAAS,EAAE,0BAA0B;aACxC,CAAA;SACJ;IACL,CAAC;IAEM,KAAK,CAAC,UAAU,CAAC,EAAC,OAAO,EAAE,QAAQ,EAAsB;QAC5D,MAAM,MAAM,GAAG,OAAO,CAAC,KAAK,CAAC,IAAI,CAAC,CAAA;QAClC,IAAI;YACA,MAAM,cAAI,CAAC,YAAY,CAAC,IAAI,EAAE,MAAM,CAAC,CAAA;YACrC,MAAM,cAAI,CAAC,KAAK,EAAE,CAAC,KAAK,CAAC,IAAI,EAAE,MAAM,CAAC,CAAC,MAAM,EAAE,CAAA;YAC/C,OAAO,QAAQ,CAAC,MAAM,CAAC,GAAG,CAAC,CAAC,IAAI,CAAC;gBAC7B,OAAO,EAAE,IAAI;gBACb,SAAS,EAAE,yBAAyB;aAEvC,CAAC,CAAA;SAEL;QAAC,OAAO,KAAK,EAAE;YACZ,OAAO,QAAQ,CAAC,MAAM,CAAC,GAAG,CAAC,CAAC,IAAI,CAAC;gBAC7B,OAAO,EAAE,IAAI;gBACb,SAAS,EAAE,4BAA4B;aAE1C,CAAC,CAAA;SACL;IACL,CAAC;IAEM,KAAK,CAAC,UAAU,CAAC,EAAC,OAAO,EAAE,QAAQ,EAAsB;QAC5D,MAAM,OAAO,GAAG,OAAO,CAAC,KAAK,CAAC,MAAM,CAAC,CAAA;QACrC,MAAM,MAAM,GAAG,OAAO,CAAC,KAAK,CAAC,IAAI,CAAC,CAAA;QAClC,IAAI;YACA,MAAM,IAAI,GAAG,MAAM,cAAI,CAAC,YAAY,CAAC,IAAI,EAAE,MAAM,CAAC,CAAA;YAClD,IAAI,CAAC,IAAI,GAAG,OAAO,CAAA;YACnB,MAAM,IAAI,CAAC,IAAI,EAAE,CAAA;YAEjB,OAAO,QAAQ,CAAC,MAAM,CAAC,GAAG,CAAC,CAAC,IAAI,CAAC;gBAC7B,OAAO,EAAE,IAAI;gBACb,SAAS,EAAE,2BAA2B;aACzC,CAAC,CAAA;SAEL;QAAC,OAAO,KAAK,EAAE;YACZ,OAAO,QAAQ,CAAC,MAAM,CAAC,GAAG,CAAC,CAAC,IAAI,CAAC;gBAC7B,OAAO,EAAE,KAAK;gBACd,SAAS,EAAE,8BAA8B;aAE5C,CAAC,CAAA;SACL;IACL,CAAC;CAGJ;AA5ED,kCA4EC","sourcesContent":["import type { HttpContextContract } from '@ioc:Adonis/Core/HttpContext'\nimport Role from 'App/Models/Role'\n\nexport default class RolesController {\n    public async createRole({request, response}: HttpContextContract) {\n        const name = await request.input('name')\n        try {\n            const newRole = new Role()\n            newRole.name = name\n            await newRole.save()\n            return response.status(200).json({\n                \"state\": true,\n                \"message\": \"Rol creado con exito\"\n\n            })  \n\n        } catch (error) {\n            return response.status(400).json({\n                \"state\": false,\n                \"message\": \"Error al crear el rol\"\n\n            })  \n        }\n    }\n\n    public async getRoles(): Promise<any> {\n        try {\n            return await Role.query()\n        } catch (error) {\n            return {\n                \"state\": false,\n                \"message\": \"Error al eliminar el rol\"\n            }\n        }\n    }\n\n    public async deleteRole({request, response}: HttpContextContract) {\n        const idRole = request.param('id')\n        try {\n            await Role.findByOrFail('id', idRole)\n            await Role.query().where('id', idRole).delete()\n            return response.status(200).json({\n                \"state\": true,\n                \"message\": \"Rol eliminado con exito\"\n\n            })\n        \n        } catch (error) {\n            return response.status(400).json({\n                \"state\": true,\n                \"message\": \"No se pudo eliminar el rol\"\n\n            })\n        }\n    }\n\n    public async updateRole({request, response}: HttpContextContract) {\n        const newRole = request.input('name')\n        const idRole = request.param('id')\n        try {\n            const role = await Role.findByOrFail('id', idRole)\n            role.name = newRole\n            await role.save()\n            \n            return response.status(200).json({\n                \"state\": true,\n                \"message\": \"Rol actualizado con exito\"\n            })   \n        \n        } catch (error) {\n            return response.status(400).json({\n                \"state\": false,\n                \"message\": \"No se pudo actualizar el rol\"\n\n            })\n        }\n    }\n\n\n}\n\n"]},"_coverageSchema":"1a1c01bbd47fc00a2c39e90264f33305004495a9","hash":"1c4c9a184b7add7fee996d68d0e9c4c37df08b9c","contentHash":"aa137d07332a9ce4d8a2de2d15a8c17d20de1c3b26a0262e42eed082975aa4b4"},"C:\\Users\\juser\\Documents\\CURSOS\\BOOTCAMP\\proyectos\\proyectoAdonisJS\\RetoFinalEntrega\\app\\Controllers\\Http\\TypeDocumentsController.ts":{"path":"C:\\Users\\juser\\Documents\\CURSOS\\BOOTCAMP\\proyectos\\proyectoAdonisJS\\RetoFinalEntrega\\app\\Controllers\\Http\\TypeDocumentsController.ts","statementMap":{"0":{"start":{"line":2,"column":22},"end":{"line":4,"column":1}},"1":{"start":{"line":3,"column":4},"end":{"line":3,"column":62}},"2":{"start":{"line":5,"column":0},"end":{"line":5,"column":62}},"3":{"start":{"line":6,"column":24},"end":{"line":6,"column":98}},"4":{"start":{"line":9,"column":21},"end":{"line":9,"column":48}},"5":{"start":{"line":10,"column":8},"end":{"line":24,"column":9}},"6":{"start":{"line":11,"column":32},"end":{"line":11,"column":61}},"7":{"start":{"line":12,"column":12},"end":{"line":12,"column":36}},"8":{"start":{"line":13,"column":12},"end":{"line":13,"column":37}},"9":{"start":{"line":14,"column":12},"end":{"line":17,"column":15}},"10":{"start":{"line":20,"column":12},"end":{"line":23,"column":15}},"11":{"start":{"line":27,"column":8},"end":{"line":35,"column":9}},"12":{"start":{"line":28,"column":12},"end":{"line":28,"column":57}},"13":{"start":{"line":31,"column":12},"end":{"line":34,"column":14}},"14":{"start":{"line":38,"column":31},"end":{"line":38,"column":50}},"15":{"start":{"line":39,"column":8},"end":{"line":52,"column":9}},"16":{"start":{"line":40,"column":12},"end":{"line":40,"column":77}},"17":{"start":{"line":41,"column":12},"end":{"line":41,"column":87}},"18":{"start":{"line":42,"column":12},"end":{"line":45,"column":15}},"19":{"start":{"line":48,"column":12},"end":{"line":51,"column":15}},"20":{"start":{"line":55,"column":32},"end":{"line":55,"column":53}},"21":{"start":{"line":56,"column":31},"end":{"line":56,"column":50}},"22":{"start":{"line":57,"column":8},"end":{"line":71,"column":9}},"23":{"start":{"line":58,"column":33},"end":{"line":58,"column":97}},"24":{"start":{"line":59,"column":12},"end":{"line":59,"column":48}},"25":{"start":{"line":60,"column":12},"end":{"line":60,"column":38}},"26":{"start":{"line":61,"column":12},"end":{"line":64,"column":15}},"27":{"start":{"line":67,"column":12},"end":{"line":70,"column":15}},"28":{"start":{"line":74,"column":0},"end":{"line":74,"column":42}}},"fnMap":{"0":{"name":"(anonymous_0)","decl":{"start":{"line":2,"column":56},"end":{"line":2,"column":57}},"loc":{"start":{"line":2,"column":71},"end":{"line":4,"column":1}},"line":2},"1":{"name":"(anonymous_1)","decl":{"start":{"line":8,"column":4},"end":{"line":8,"column":5}},"loc":{"start":{"line":8,"column":52},"end":{"line":25,"column":5}},"line":8},"2":{"name":"(anonymous_2)","decl":{"start":{"line":26,"column":4},"end":{"line":26,"column":5}},"loc":{"start":{"line":26,"column":29},"end":{"line":36,"column":5}},"line":26},"3":{"name":"(anonymous_3)","decl":{"start":{"line":37,"column":4},"end":{"line":37,"column":5}},"loc":{"start":{"line":37,"column":52},"end":{"line":53,"column":5}},"line":37},"4":{"name":"(anonymous_4)","decl":{"start":{"line":54,"column":4},"end":{"line":54,"column":5}},"loc":{"start":{"line":54,"column":52},"end":{"line":72,"column":5}},"line":54}},"branchMap":{"0":{"loc":{"start":{"line":2,"column":22},"end":{"line":4,"column":1}},"type":"binary-expr","locations":[{"start":{"line":2,"column":23},"end":{"line":2,"column":27}},{"start":{"line":2,"column":31},"end":{"line":2,"column":51}},{"start":{"line":2,"column":56},"end":{"line":4,"column":1}}],"line":2},"1":{"loc":{"start":{"line":3,"column":11},"end":{"line":3,"column":61}},"type":"cond-expr","locations":[{"start":{"line":3,"column":37},"end":{"line":3,"column":40}},{"start":{"line":3,"column":43},"end":{"line":3,"column":61}}],"line":3},"2":{"loc":{"start":{"line":3,"column":12},"end":{"line":3,"column":33}},"type":"binary-expr","locations":[{"start":{"line":3,"column":12},"end":{"line":3,"column":15}},{"start":{"line":3,"column":19},"end":{"line":3,"column":33}}],"line":3}},"s":{"0":1,"1":1,"2":1,"3":1,"4":2,"5":2,"6":2,"7":2,"8":2,"9":0,"10":2,"11":1,"12":1,"13":0,"14":2,"15":2,"16":2,"17":0,"18":0,"19":2,"20":2,"21":2,"22":2,"23":2,"24":0,"25":0,"26":0,"27":2,"28":1},"f":{"0":1,"1":2,"2":1,"3":2,"4":2},"b":{"0":[1,1,1],"1":[1,0],"2":[1,1]},"inputSourceMap":{"version":3,"file":"TypeDocumentsController.js","sourceRoot":"","sources":["TypeDocumentsController.ts"],"names":[],"mappings":";;;;;AACA,mGAAmD;AAEnD,MAAqB,uBAAuB;IACjC,KAAK,CAAC,kBAAkB,CAAC,EAAC,OAAO,EAAE,QAAQ,EAAsB;QACpE,MAAM,IAAI,GAAG,MAAM,OAAO,CAAC,KAAK,CAAC,MAAM,CAAC,CAAA;QACxC,IAAI;YACA,MAAM,WAAW,GAAG,IAAI,uBAAY,EAAE,CAAA;YACtC,WAAW,CAAC,IAAI,GAAG,IAAI,CAAA;YACvB,MAAM,WAAW,CAAC,IAAI,EAAE,CAAA;YACxB,OAAO,QAAQ,CAAC,MAAM,CAAC,GAAG,CAAC,CAAC,IAAI,CAAC;gBAC7B,OAAO,EAAE,IAAI;gBACb,SAAS,EAAE,iCAAiC;aAE/C,CAAC,CAAA;SACL;QAAC,OAAO,KAAK,EAAE;YACZ,OAAO,QAAQ,CAAC,MAAM,CAAC,GAAG,CAAC,CAAC,IAAI,CAAC;gBAC7B,OAAO,EAAE,KAAK;gBACd,SAAS,EAAE,oCAAoC;aAElD,CAAC,CAAA;SAEL;IACL,CAAC;IAEM,KAAK,CAAC,gBAAgB;QACzB,IAAI;YACA,OAAO,MAAM,uBAAY,CAAC,KAAK,EAAE,CAAA;SACpC;QAAC,OAAO,KAAK,EAAE;YACZ,OAAO;gBACH,OAAO,EAAE,KAAK;gBACd,SAAS,EAAE,yCAAyC;aAEvD,CAAA;SACJ;IACL,CAAC;IAEM,KAAK,CAAC,kBAAkB,CAAC,EAAC,OAAO,EAAE,QAAQ,EAAsB;QACpE,MAAM,cAAc,GAAG,OAAO,CAAC,KAAK,CAAC,IAAI,CAAC,CAAA;QAC1C,IAAI;YACA,MAAM,uBAAY,CAAC,YAAY,CAAC,IAAI,EAAE,cAAc,CAAC,CAAA;YACrD,MAAM,uBAAY,CAAC,KAAK,EAAE,CAAC,KAAK,CAAC,IAAI,EAAE,cAAc,CAAC,CAAC,MAAM,EAAE,CAAA;YAC/D,OAAO,QAAQ,CAAC,MAAM,CAAC,GAAG,CAAC,CAAC,IAAI,CAAC;gBAC7B,OAAO,EAAE,IAAI;gBACb,SAAS,EAAE,uCAAuC;aAErD,CAAC,CAAA;SAEL;QAAC,OAAO,KAAK,EAAE;YACZ,OAAO,QAAQ,CAAC,MAAM,CAAC,GAAG,CAAC,CAAC,IAAI,CAAC;gBAC7B,OAAO,EAAE,KAAK;gBACd,SAAS,EAAE,wCAAwC;aAEtD,CAAC,CAAA;SACL;IACL,CAAC;IAEM,KAAK,CAAC,kBAAkB,CAAC,EAAC,OAAO,EAAE,QAAQ,EAAsB;QACpE,MAAM,eAAe,GAAG,OAAO,CAAC,KAAK,CAAC,MAAM,CAAC,CAAA;QAC7C,MAAM,cAAc,GAAG,OAAO,CAAC,KAAK,CAAC,IAAI,CAAC,CAAA;QAC1C,IAAI;YACA,MAAM,YAAY,GAAG,MAAM,uBAAY,CAAC,YAAY,CAAC,IAAI,EAAE,cAAc,CAAC,CAAA;YAC1E,YAAY,CAAC,IAAI,GAAG,eAAe,CAAA;YACnC,MAAM,YAAY,CAAC,IAAI,EAAE,CAAA;YACzB,OAAO,QAAQ,CAAC,MAAM,CAAC,GAAG,CAAC,CAAC,IAAI,CAAC;gBAC7B,OAAO,EAAE,IAAI;gBACb,SAAS,EAAE,yCAAyC;aAEvD,CAAC,CAAA;SAEL;QAAC,OAAO,KAAK,EAAE;YACZ,OAAO,QAAQ,CAAC,MAAM,CAAC,GAAG,CAAC,CAAC,IAAI,CAAC;gBAC7B,OAAO,EAAE,KAAK;gBACd,SAAS,EAAE,0CAA0C;aAExD,CAAC,CAAA;SACL;IACL,CAAC;CAGJ;AA7ED,0CA6EC","sourcesContent":["import type { HttpContextContract } from '@ioc:Adonis/Core/HttpContext'\nimport TypeDocument from 'App/Models/TypesDocument'\n\nexport default class TypeDocumentsController {\n    public async createTypeDocument({request, response}: HttpContextContract) {\n        const name = await request.input('name')\n        try {\n            const newDocument = new TypeDocument()\n            newDocument.name = name\n            await newDocument.save()\n            return response.status(200).json({\n                \"state\": true,\n                \"message\": \"Tipo documento creado con exito\"\n\n            })  \n        } catch (error) {\n            return response.status(400).json({\n                \"state\": false,\n                \"message\": \"No se pudo crear el tipo documento\"\n\n            })  \n\n        }\n    }\n\n    public async getTypeDocuments(): Promise<any> {\n        try {\n            return await TypeDocument.query()\n        } catch (error) {\n            return {\n                \"state\": false,\n                \"message\": \"Error al listar los tipos de documentos\",\n\n            }\n        }\n    }\n\n    public async deleteTypeDocument({request, response}: HttpContextContract) {\n        const idTypeDocument = request.param('id')\n        try {\n            await TypeDocument.findByOrFail('id', idTypeDocument)\n            await TypeDocument.query().where('id', idTypeDocument).delete()\n            return response.status(200).json({\n                \"state\": true,\n                \"message\": \"Tipo de documento eliminado con exito\"\n\n            })\n           \n        } catch (error) {\n            return response.status(400).json({\n                \"state\": false,\n                \"message\": \"Error al eliminar el tipo de documento\"\n\n            })  \n        }\n    }\n\n    public async updateTypeDocument({request, response}: HttpContextContract) {\n        const newTypeDocument = request.input('name')\n        const idTypeDocument = request.param('id')\n        try {\n            const typeDocument = await TypeDocument.findByOrFail('id', idTypeDocument)\n            typeDocument.name = newTypeDocument\n            await typeDocument.save()\n            return response.status(200).json({\n                \"state\": true,\n                \"message\": \"Tipo de documento actualizado con exito\"\n\n            })   \n        \n        } catch (error) {\n            return response.status(400).json({\n                \"state\": false,\n                \"message\": \"Error al actualizar el tipo de documento\"\n\n            })  \n        }\n    }\n\n\n}\n"]},"_coverageSchema":"1a1c01bbd47fc00a2c39e90264f33305004495a9","hash":"2116cf4c259cfb8df4cb641c3e4314b5c587b355","contentHash":"7ae1c6fc83a736ec1ae993915fa437ab5074a6d6eb8133b41fbafa6c4af6322c"}}